2024-01-04 10:27:15,572 INFO [background-preinit][Version.java:21] - HV000001: Hibernate Validator 6.1.6.Final
2024-01-04 10:27:15,572 INFO [background-preinit][Version.java:21] - HV000001: Hibernate Validator 6.1.6.Final
2024-01-04 10:27:15,973 INFO [main][SpringApplication.java:651] - No active profile set, falling back to default profiles: default
2024-01-04 10:27:15,973 INFO [main][SpringApplication.java:651] - No active profile set, falling back to default profiles: default
2024-01-04 10:27:16,343 INFO [main][GenericScope.java:295] - BeanFactory id=cab84658-cd6e-3187-ba94-20e6087daf29
2024-01-04 10:27:16,343 INFO [main][GenericScope.java:295] - BeanFactory id=cab84658-cd6e-3187-ba94-20e6087daf29
2024-01-04 10:27:18,250 INFO [main][StartupInfoLogger.java:61] - Started TeachplanDtoTest in 2.957 seconds (JVM running for 4.201)
2024-01-04 10:27:18,250 INFO [main][StartupInfoLogger.java:61] - Started TeachplanDtoTest in 2.957 seconds (JVM running for 4.201)
2024-01-04 10:27:18,461 INFO [main][HikariDataSource.java:110] - HikariPool-1 - Starting...
2024-01-04 10:27:18,461 INFO [main][HikariDataSource.java:110] - HikariPool-1 - Starting...
2024-01-04 10:27:18,615 INFO [main][HikariDataSource.java:123] - HikariPool-1 - Start completed.
2024-01-04 10:27:18,615 INFO [main][HikariDataSource.java:123] - HikariPool-1 - Start completed.
2024-01-04 10:27:18,765 INFO [SpringContextShutdownHook][HikariDataSource.java:350] - HikariPool-1 - Shutdown initiated...
2024-01-04 10:27:18,765 INFO [SpringContextShutdownHook][HikariDataSource.java:350] - HikariPool-1 - Shutdown initiated...
2024-01-04 10:27:18,808 INFO [SpringContextShutdownHook][HikariDataSource.java:352] - HikariPool-1 - Shutdown completed.
2024-01-04 10:27:18,808 INFO [SpringContextShutdownHook][HikariDataSource.java:352] - HikariPool-1 - Shutdown completed.
2024-01-04 10:27:30,569 INFO [background-preinit][Version.java:21] - HV000001: Hibernate Validator 6.1.6.Final
2024-01-04 10:27:30,569 INFO [background-preinit][Version.java:21] - HV000001: Hibernate Validator 6.1.6.Final
2024-01-04 10:27:31,044 INFO [main][SpringApplication.java:651] - No active profile set, falling back to default profiles: default
2024-01-04 10:27:31,044 INFO [main][SpringApplication.java:651] - No active profile set, falling back to default profiles: default
2024-01-04 10:27:31,479 INFO [main][GenericScope.java:295] - BeanFactory id=cab84658-cd6e-3187-ba94-20e6087daf29
2024-01-04 10:27:31,479 INFO [main][GenericScope.java:295] - BeanFactory id=cab84658-cd6e-3187-ba94-20e6087daf29
2024-01-04 10:27:33,487 INFO [main][StartupInfoLogger.java:61] - Started TeachplanDtoTest in 3.254 seconds (JVM running for 5.183)
2024-01-04 10:27:33,487 INFO [main][StartupInfoLogger.java:61] - Started TeachplanDtoTest in 3.254 seconds (JVM running for 5.183)
2024-01-04 10:27:33,683 INFO [main][HikariDataSource.java:110] - HikariPool-1 - Starting...
2024-01-04 10:27:33,683 INFO [main][HikariDataSource.java:110] - HikariPool-1 - Starting...
2024-01-04 10:27:33,877 INFO [main][HikariDataSource.java:123] - HikariPool-1 - Start completed.
2024-01-04 10:27:33,877 INFO [main][HikariDataSource.java:123] - HikariPool-1 - Start completed.
2024-01-04 10:29:38,905 WARN [HikariPool-1 housekeeper][HikariPool.java:787] - HikariPool-1 - Thread starvation or clock leap detected (housekeeper delta=2m35s27ms411µs).
2024-01-04 10:29:38,905 WARN [HikariPool-1 housekeeper][HikariPool.java:787] - HikariPool-1 - Thread starvation or clock leap detected (housekeeper delta=2m35s27ms411µs).
2024-01-04 10:29:39,021 INFO [SpringContextShutdownHook][HikariDataSource.java:350] - HikariPool-1 - Shutdown initiated...
2024-01-04 10:29:39,021 INFO [SpringContextShutdownHook][HikariDataSource.java:350] - HikariPool-1 - Shutdown initiated...
2024-01-04 10:29:39,037 INFO [SpringContextShutdownHook][HikariDataSource.java:352] - HikariPool-1 - Shutdown completed.
2024-01-04 10:29:39,037 INFO [SpringContextShutdownHook][HikariDataSource.java:352] - HikariPool-1 - Shutdown completed.
2024-01-04 10:39:01,801 INFO [background-preinit][Version.java:21] - HV000001: Hibernate Validator 6.1.6.Final
2024-01-04 10:39:01,801 INFO [background-preinit][Version.java:21] - HV000001: Hibernate Validator 6.1.6.Final
2024-01-04 10:39:02,239 INFO [main][SpringApplication.java:651] - No active profile set, falling back to default profiles: default
2024-01-04 10:39:02,239 INFO [main][SpringApplication.java:651] - No active profile set, falling back to default profiles: default
2024-01-04 10:39:02,659 INFO [main][GenericScope.java:295] - BeanFactory id=e271139f-2615-3e23-8040-4daf0d1cab34
2024-01-04 10:39:02,659 INFO [main][GenericScope.java:295] - BeanFactory id=e271139f-2615-3e23-8040-4daf0d1cab34
2024-01-04 10:39:04,631 INFO [main][StartupInfoLogger.java:61] - Started TeachplanDtoTest in 3.162 seconds (JVM running for 4.563)
2024-01-04 10:39:04,631 INFO [main][StartupInfoLogger.java:61] - Started TeachplanDtoTest in 3.162 seconds (JVM running for 4.563)
2024-01-04 10:39:04,806 INFO [main][HikariDataSource.java:110] - HikariPool-1 - Starting...
2024-01-04 10:39:04,806 INFO [main][HikariDataSource.java:110] - HikariPool-1 - Starting...
2024-01-04 10:39:04,982 INFO [main][HikariDataSource.java:123] - HikariPool-1 - Start completed.
2024-01-04 10:39:04,982 INFO [main][HikariDataSource.java:123] - HikariPool-1 - Start completed.
2024-01-04 10:39:30,528 WARN [HikariPool-1 housekeeper][HikariPool.java:787] - HikariPool-1 - Thread starvation or clock leap detected (housekeeper delta=55s545ms682µs500ns).
2024-01-04 10:39:30,528 WARN [HikariPool-1 housekeeper][HikariPool.java:787] - HikariPool-1 - Thread starvation or clock leap detected (housekeeper delta=55s545ms682µs500ns).
2024-01-04 10:39:30,635 INFO [SpringContextShutdownHook][HikariDataSource.java:350] - HikariPool-1 - Shutdown initiated...
2024-01-04 10:39:30,635 INFO [SpringContextShutdownHook][HikariDataSource.java:350] - HikariPool-1 - Shutdown initiated...
2024-01-04 10:39:30,652 INFO [SpringContextShutdownHook][HikariDataSource.java:352] - HikariPool-1 - Shutdown completed.
2024-01-04 10:39:30,652 INFO [SpringContextShutdownHook][HikariDataSource.java:352] - HikariPool-1 - Shutdown completed.
