2024-01-06 15:39:04,999 INFO [background-preinit][Version.java:21] - HV000001: Hibernate Validator 6.1.6.Final
2024-01-06 15:39:04,999 INFO [background-preinit][Version.java:21] - HV000001: Hibernate Validator 6.1.6.Final
2024-01-06 15:39:06,181 INFO [main][SpringApplication.java:651] - No active profile set, falling back to default profiles: default
2024-01-06 15:39:06,181 INFO [main][SpringApplication.java:651] - No active profile set, falling back to default profiles: default
2024-01-06 15:39:07,006 INFO [main][GenericScope.java:295] - BeanFactory id=b1e55e8b-b950-314a-ab8e-b2b7947e0638
2024-01-06 15:39:07,006 INFO [main][GenericScope.java:295] - BeanFactory id=b1e55e8b-b950-314a-ab8e-b2b7947e0638
2024-01-06 15:39:07,319 INFO [main][TomcatWebServer.java:108] - Tomcat initialized with port(s): 8800 (http)
2024-01-06 15:39:07,319 INFO [main][TomcatWebServer.java:108] - Tomcat initialized with port(s): 8800 (http)
2024-01-06 15:39:07,331 INFO [main][DirectJDKLog.java:173] - Initializing ProtocolHandler ["http-nio-8800"]
2024-01-06 15:39:07,331 INFO [main][DirectJDKLog.java:173] - Initializing ProtocolHandler ["http-nio-8800"]
2024-01-06 15:39:07,332 INFO [main][DirectJDKLog.java:173] - Starting service [Tomcat]
2024-01-06 15:39:07,332 INFO [main][DirectJDKLog.java:173] - Starting service [Tomcat]
2024-01-06 15:39:07,332 INFO [main][DirectJDKLog.java:173] - Starting Servlet engine: [Apache Tomcat/9.0.41]
2024-01-06 15:39:07,332 INFO [main][DirectJDKLog.java:173] - Starting Servlet engine: [Apache Tomcat/9.0.41]
2024-01-06 15:39:07,335 INFO [main][DirectJDKLog.java:173] - Loaded Apache Tomcat Native library [1.2.37] using APR version [1.7.4].
2024-01-06 15:39:07,335 INFO [main][DirectJDKLog.java:173] - Loaded Apache Tomcat Native library [1.2.37] using APR version [1.7.4].
2024-01-06 15:39:07,335 INFO [main][DirectJDKLog.java:173] - APR capabilities: IPv6 [true], sendfile [true], accept filters [false], random [true].
2024-01-06 15:39:07,335 INFO [main][DirectJDKLog.java:173] - APR capabilities: IPv6 [true], sendfile [true], accept filters [false], random [true].
2024-01-06 15:39:07,336 INFO [main][DirectJDKLog.java:173] - APR/OpenSSL configuration: useAprConnector [false], useOpenSSL [true]
2024-01-06 15:39:07,336 INFO [main][DirectJDKLog.java:173] - APR/OpenSSL configuration: useAprConnector [false], useOpenSSL [true]
2024-01-06 15:39:07,340 INFO [main][DirectJDKLog.java:173] - OpenSSL successfully initialized [OpenSSL 1.1.1u  30 May 2023]
2024-01-06 15:39:07,340 INFO [main][DirectJDKLog.java:173] - OpenSSL successfully initialized [OpenSSL 1.1.1u  30 May 2023]
2024-01-06 15:39:07,506 INFO [main][DirectJDKLog.java:173] - Initializing Spring embedded WebApplicationContext
2024-01-06 15:39:07,506 INFO [main][DirectJDKLog.java:173] - Initializing Spring embedded WebApplicationContext
2024-01-06 15:39:07,507 INFO [main][ServletWebServerApplicationContext.java:285] - Root WebApplicationContext: initialization completed in 1313 ms
2024-01-06 15:39:07,507 INFO [main][ServletWebServerApplicationContext.java:285] - Root WebApplicationContext: initialization completed in 1313 ms
2024-01-06 15:39:09,172 INFO [main][WebMvcPropertySourcedRequestMappingHandlerMapping.java:69] - Mapped URL path [/v2/api-docs] onto method [springfox.documentation.swagger2.web.Swagger2ControllerWebMvc#getDocumentation(String, HttpServletRequest)]
2024-01-06 15:39:09,172 INFO [main][WebMvcPropertySourcedRequestMappingHandlerMapping.java:69] - Mapped URL path [/v2/api-docs] onto method [springfox.documentation.swagger2.web.Swagger2ControllerWebMvc#getDocumentation(String, HttpServletRequest)]
2024-01-06 15:39:09,200 WARN [main][URLConfigurationSource.java:121] - No URLs will be polled as dynamic configuration sources.
2024-01-06 15:39:09,200 WARN [main][URLConfigurationSource.java:121] - No URLs will be polled as dynamic configuration sources.
2024-01-06 15:39:09,201 INFO [main][URLConfigurationSource.java:122] - To enable URLs as dynamic configuration sources, define System property archaius.configurationSource.additionalUrls or make config.properties available on classpath.
2024-01-06 15:39:09,201 INFO [main][URLConfigurationSource.java:122] - To enable URLs as dynamic configuration sources, define System property archaius.configurationSource.additionalUrls or make config.properties available on classpath.
2024-01-06 15:39:09,206 WARN [main][URLConfigurationSource.java:121] - No URLs will be polled as dynamic configuration sources.
2024-01-06 15:39:09,206 WARN [main][URLConfigurationSource.java:121] - No URLs will be polled as dynamic configuration sources.
2024-01-06 15:39:09,206 INFO [main][URLConfigurationSource.java:122] - To enable URLs as dynamic configuration sources, define System property archaius.configurationSource.additionalUrls or make config.properties available on classpath.
2024-01-06 15:39:09,206 INFO [main][URLConfigurationSource.java:122] - To enable URLs as dynamic configuration sources, define System property archaius.configurationSource.additionalUrls or make config.properties available on classpath.
2024-01-06 15:39:09,301 INFO [main][ExecutorConfigurationSupport.java:181] - Initializing ExecutorService 'applicationTaskExecutor'
2024-01-06 15:39:09,301 INFO [main][ExecutorConfigurationSupport.java:181] - Initializing ExecutorService 'applicationTaskExecutor'
2024-01-06 15:39:10,124 INFO [main][ExecutorConfigurationSupport.java:181] - Initializing ExecutorService 'Nacos-Watch-Task-Scheduler'
2024-01-06 15:39:10,124 INFO [main][ExecutorConfigurationSupport.java:181] - Initializing ExecutorService 'Nacos-Watch-Task-Scheduler'
2024-01-06 15:39:11,220 INFO [main][DirectJDKLog.java:173] - Starting ProtocolHandler ["http-nio-8800"]
2024-01-06 15:39:11,220 INFO [main][DirectJDKLog.java:173] - Starting ProtocolHandler ["http-nio-8800"]
2024-01-06 15:39:11,243 INFO [main][TomcatWebServer.java:220] - Tomcat started on port(s): 8800 (http) with context path '/content'
2024-01-06 15:39:11,243 INFO [main][TomcatWebServer.java:220] - Tomcat started on port(s): 8800 (http) with context path '/content'
2024-01-06 15:39:11,276 INFO [main][NacosServiceRegistry.java:75] - nacos registry, xuecheng-plus-project content-api 192.168.137.1:8800 register finished
2024-01-06 15:39:11,276 INFO [main][NacosServiceRegistry.java:75] - nacos registry, xuecheng-plus-project content-api 192.168.137.1:8800 register finished
2024-01-06 15:39:11,972 INFO [main][DocumentationPluginsBootstrapper.java:93] - Documentation plugins bootstrapped
2024-01-06 15:39:11,972 INFO [main][DocumentationPluginsBootstrapper.java:93] - Documentation plugins bootstrapped
2024-01-06 15:39:11,976 INFO [main][AbstractDocumentationPluginsBootstrapper.java:79] - Found 1 custom documentation plugin(s)
2024-01-06 15:39:11,976 INFO [main][AbstractDocumentationPluginsBootstrapper.java:79] - Found 1 custom documentation plugin(s)
2024-01-06 15:39:12,015 INFO [main][ApiListingReferenceScanner.java:44] - Scanning for api listing references
2024-01-06 15:39:12,015 INFO [main][ApiListingReferenceScanner.java:44] - Scanning for api listing references
2024-01-06 15:39:12,177 INFO [main][StartupInfoLogger.java:61] - Started ContentApplication in 8.319 seconds (JVM running for 10.574)
2024-01-06 15:39:12,177 INFO [main][StartupInfoLogger.java:61] - Started ContentApplication in 8.319 seconds (JVM running for 10.574)
