2024-01-05 10:16:19,792 INFO [background-preinit][Version.java:21] - HV000001: Hibernate Validator 6.1.6.Final
2024-01-05 10:16:19,792 INFO [background-preinit][Version.java:21] - HV000001: Hibernate Validator 6.1.6.Final
2024-01-05 10:16:20,245 INFO [main][SpringApplication.java:651] - No active profile set, falling back to default profiles: default
2024-01-05 10:16:20,245 INFO [main][SpringApplication.java:651] - No active profile set, falling back to default profiles: default
2024-01-05 10:16:21,004 INFO [main][GenericScope.java:295] - BeanFactory id=53b56142-07f0-3505-a5e3-ed622539de77
2024-01-05 10:16:21,004 INFO [main][GenericScope.java:295] - BeanFactory id=53b56142-07f0-3505-a5e3-ed622539de77
2024-01-05 10:16:21,291 INFO [main][TomcatWebServer.java:108] - Tomcat initialized with port(s): 8800 (http)
2024-01-05 10:16:21,291 INFO [main][TomcatWebServer.java:108] - Tomcat initialized with port(s): 8800 (http)
2024-01-05 10:16:21,301 INFO [main][DirectJDKLog.java:173] - Initializing ProtocolHandler ["http-nio-8800"]
2024-01-05 10:16:21,301 INFO [main][DirectJDKLog.java:173] - Initializing ProtocolHandler ["http-nio-8800"]
2024-01-05 10:16:21,302 INFO [main][DirectJDKLog.java:173] - Starting service [Tomcat]
2024-01-05 10:16:21,302 INFO [main][DirectJDKLog.java:173] - Starting service [Tomcat]
2024-01-05 10:16:21,302 INFO [main][DirectJDKLog.java:173] - Starting Servlet engine: [Apache Tomcat/9.0.41]
2024-01-05 10:16:21,302 INFO [main][DirectJDKLog.java:173] - Starting Servlet engine: [Apache Tomcat/9.0.41]
2024-01-05 10:16:21,304 INFO [main][DirectJDKLog.java:173] - Loaded Apache Tomcat Native library [1.2.37] using APR version [1.7.4].
2024-01-05 10:16:21,304 INFO [main][DirectJDKLog.java:173] - Loaded Apache Tomcat Native library [1.2.37] using APR version [1.7.4].
2024-01-05 10:16:21,304 INFO [main][DirectJDKLog.java:173] - APR capabilities: IPv6 [true], sendfile [true], accept filters [false], random [true].
2024-01-05 10:16:21,304 INFO [main][DirectJDKLog.java:173] - APR capabilities: IPv6 [true], sendfile [true], accept filters [false], random [true].
2024-01-05 10:16:21,304 INFO [main][DirectJDKLog.java:173] - APR/OpenSSL configuration: useAprConnector [false], useOpenSSL [true]
2024-01-05 10:16:21,304 INFO [main][DirectJDKLog.java:173] - APR/OpenSSL configuration: useAprConnector [false], useOpenSSL [true]
2024-01-05 10:16:21,308 INFO [main][DirectJDKLog.java:173] - OpenSSL successfully initialized [OpenSSL 1.1.1u  30 May 2023]
2024-01-05 10:16:21,308 INFO [main][DirectJDKLog.java:173] - OpenSSL successfully initialized [OpenSSL 1.1.1u  30 May 2023]
2024-01-05 10:16:21,406 INFO [main][DirectJDKLog.java:173] - Initializing Spring embedded WebApplicationContext
2024-01-05 10:16:21,406 INFO [main][DirectJDKLog.java:173] - Initializing Spring embedded WebApplicationContext
2024-01-05 10:16:21,406 INFO [main][ServletWebServerApplicationContext.java:285] - Root WebApplicationContext: initialization completed in 1142 ms
2024-01-05 10:16:21,406 INFO [main][ServletWebServerApplicationContext.java:285] - Root WebApplicationContext: initialization completed in 1142 ms
2024-01-05 10:16:23,054 INFO [main][WebMvcPropertySourcedRequestMappingHandlerMapping.java:69] - Mapped URL path [/v2/api-docs] onto method [springfox.documentation.swagger2.web.Swagger2ControllerWebMvc#getDocumentation(String, HttpServletRequest)]
2024-01-05 10:16:23,054 INFO [main][WebMvcPropertySourcedRequestMappingHandlerMapping.java:69] - Mapped URL path [/v2/api-docs] onto method [springfox.documentation.swagger2.web.Swagger2ControllerWebMvc#getDocumentation(String, HttpServletRequest)]
2024-01-05 10:16:23,141 INFO [main][ExecutorConfigurationSupport.java:181] - Initializing ExecutorService 'applicationTaskExecutor'
2024-01-05 10:16:23,141 INFO [main][ExecutorConfigurationSupport.java:181] - Initializing ExecutorService 'applicationTaskExecutor'
2024-01-05 10:16:23,385 INFO [main][DirectJDKLog.java:173] - Starting ProtocolHandler ["http-nio-8800"]
2024-01-05 10:16:23,385 INFO [main][DirectJDKLog.java:173] - Starting ProtocolHandler ["http-nio-8800"]
2024-01-05 10:16:23,411 INFO [main][TomcatWebServer.java:220] - Tomcat started on port(s): 8800 (http) with context path '/content'
2024-01-05 10:16:23,411 INFO [main][TomcatWebServer.java:220] - Tomcat started on port(s): 8800 (http) with context path '/content'
2024-01-05 10:16:23,412 INFO [main][DocumentationPluginsBootstrapper.java:93] - Documentation plugins bootstrapped
2024-01-05 10:16:23,412 INFO [main][DocumentationPluginsBootstrapper.java:93] - Documentation plugins bootstrapped
2024-01-05 10:16:23,416 INFO [main][AbstractDocumentationPluginsBootstrapper.java:79] - Found 1 custom documentation plugin(s)
2024-01-05 10:16:23,416 INFO [main][AbstractDocumentationPluginsBootstrapper.java:79] - Found 1 custom documentation plugin(s)
2024-01-05 10:16:23,443 INFO [main][ApiListingReferenceScanner.java:44] - Scanning for api listing references
2024-01-05 10:16:23,443 INFO [main][ApiListingReferenceScanner.java:44] - Scanning for api listing references
2024-01-05 10:16:23,584 INFO [main][StartupInfoLogger.java:61] - Started ContentApplication in 4.2 seconds (JVM running for 6.414)
2024-01-05 10:16:23,584 INFO [main][StartupInfoLogger.java:61] - Started ContentApplication in 4.2 seconds (JVM running for 6.414)
2024-01-05 10:16:50,246 INFO [http-nio-8800-exec-6][DirectJDKLog.java:173] - Initializing Spring DispatcherServlet 'dispatcherServlet'
2024-01-05 10:16:50,246 INFO [http-nio-8800-exec-6][DirectJDKLog.java:173] - Initializing Spring DispatcherServlet 'dispatcherServlet'
2024-01-05 10:16:50,246 INFO [http-nio-8800-exec-6][FrameworkServlet.java:525] - Initializing Servlet 'dispatcherServlet'
2024-01-05 10:16:50,246 INFO [http-nio-8800-exec-6][FrameworkServlet.java:525] - Initializing Servlet 'dispatcherServlet'
2024-01-05 10:16:50,256 INFO [http-nio-8800-exec-6][FrameworkServlet.java:547] - Completed initialization in 10 ms
2024-01-05 10:16:50,256 INFO [http-nio-8800-exec-6][FrameworkServlet.java:547] - Completed initialization in 10 ms
2024-01-05 10:17:21,833 INFO [http-nio-8800-exec-10][HikariDataSource.java:110] - HikariPool-1 - Starting...
2024-01-05 10:17:21,833 INFO [http-nio-8800-exec-10][HikariDataSource.java:110] - HikariPool-1 - Starting...
2024-01-05 10:17:22,234 INFO [http-nio-8800-exec-10][HikariDataSource.java:123] - HikariPool-1 - Start completed.
2024-01-05 10:17:22,234 INFO [http-nio-8800-exec-10][HikariDataSource.java:123] - HikariPool-1 - Start completed.
2024-01-05 10:24:49,270 INFO [SpringContextShutdownHook][ExecutorConfigurationSupport.java:218] - Shutting down ExecutorService 'applicationTaskExecutor'
2024-01-05 10:24:49,270 INFO [SpringContextShutdownHook][ExecutorConfigurationSupport.java:218] - Shutting down ExecutorService 'applicationTaskExecutor'
2024-01-05 10:24:49,272 INFO [SpringContextShutdownHook][HikariDataSource.java:350] - HikariPool-1 - Shutdown initiated...
2024-01-05 10:24:49,272 INFO [SpringContextShutdownHook][HikariDataSource.java:350] - HikariPool-1 - Shutdown initiated...
2024-01-05 10:24:49,281 INFO [SpringContextShutdownHook][HikariDataSource.java:352] - HikariPool-1 - Shutdown completed.
2024-01-05 10:24:49,281 INFO [SpringContextShutdownHook][HikariDataSource.java:352] - HikariPool-1 - Shutdown completed.
2024-01-05 10:24:55,637 INFO [background-preinit][Version.java:21] - HV000001: Hibernate Validator 6.1.6.Final
2024-01-05 10:24:55,637 INFO [background-preinit][Version.java:21] - HV000001: Hibernate Validator 6.1.6.Final
2024-01-05 10:24:55,965 INFO [main][SpringApplication.java:651] - No active profile set, falling back to default profiles: default
2024-01-05 10:24:55,965 INFO [main][SpringApplication.java:651] - No active profile set, falling back to default profiles: default
2024-01-05 10:24:56,550 INFO [main][GenericScope.java:295] - BeanFactory id=53b56142-07f0-3505-a5e3-ed622539de77
2024-01-05 10:24:56,550 INFO [main][GenericScope.java:295] - BeanFactory id=53b56142-07f0-3505-a5e3-ed622539de77
2024-01-05 10:24:56,740 INFO [main][TomcatWebServer.java:108] - Tomcat initialized with port(s): 8800 (http)
2024-01-05 10:24:56,740 INFO [main][TomcatWebServer.java:108] - Tomcat initialized with port(s): 8800 (http)
2024-01-05 10:24:56,747 INFO [main][DirectJDKLog.java:173] - Initializing ProtocolHandler ["http-nio-8800"]
2024-01-05 10:24:56,747 INFO [main][DirectJDKLog.java:173] - Initializing ProtocolHandler ["http-nio-8800"]
2024-01-05 10:24:56,747 INFO [main][DirectJDKLog.java:173] - Starting service [Tomcat]
2024-01-05 10:24:56,747 INFO [main][DirectJDKLog.java:173] - Starting service [Tomcat]
2024-01-05 10:24:56,748 INFO [main][DirectJDKLog.java:173] - Starting Servlet engine: [Apache Tomcat/9.0.41]
2024-01-05 10:24:56,748 INFO [main][DirectJDKLog.java:173] - Starting Servlet engine: [Apache Tomcat/9.0.41]
2024-01-05 10:24:56,749 INFO [main][DirectJDKLog.java:173] - Loaded Apache Tomcat Native library [1.2.37] using APR version [1.7.4].
2024-01-05 10:24:56,749 INFO [main][DirectJDKLog.java:173] - Loaded Apache Tomcat Native library [1.2.37] using APR version [1.7.4].
2024-01-05 10:24:56,749 INFO [main][DirectJDKLog.java:173] - APR capabilities: IPv6 [true], sendfile [true], accept filters [false], random [true].
2024-01-05 10:24:56,749 INFO [main][DirectJDKLog.java:173] - APR capabilities: IPv6 [true], sendfile [true], accept filters [false], random [true].
2024-01-05 10:24:56,750 INFO [main][DirectJDKLog.java:173] - APR/OpenSSL configuration: useAprConnector [false], useOpenSSL [true]
2024-01-05 10:24:56,750 INFO [main][DirectJDKLog.java:173] - APR/OpenSSL configuration: useAprConnector [false], useOpenSSL [true]
2024-01-05 10:24:56,753 INFO [main][DirectJDKLog.java:173] - OpenSSL successfully initialized [OpenSSL 1.1.1u  30 May 2023]
2024-01-05 10:24:56,753 INFO [main][DirectJDKLog.java:173] - OpenSSL successfully initialized [OpenSSL 1.1.1u  30 May 2023]
2024-01-05 10:24:56,839 INFO [main][DirectJDKLog.java:173] - Initializing Spring embedded WebApplicationContext
2024-01-05 10:24:56,839 INFO [main][DirectJDKLog.java:173] - Initializing Spring embedded WebApplicationContext
2024-01-05 10:24:56,839 INFO [main][ServletWebServerApplicationContext.java:285] - Root WebApplicationContext: initialization completed in 865 ms
2024-01-05 10:24:56,839 INFO [main][ServletWebServerApplicationContext.java:285] - Root WebApplicationContext: initialization completed in 865 ms
2024-01-05 10:24:58,315 INFO [main][WebMvcPropertySourcedRequestMappingHandlerMapping.java:69] - Mapped URL path [/v2/api-docs] onto method [springfox.documentation.swagger2.web.Swagger2ControllerWebMvc#getDocumentation(String, HttpServletRequest)]
2024-01-05 10:24:58,315 INFO [main][WebMvcPropertySourcedRequestMappingHandlerMapping.java:69] - Mapped URL path [/v2/api-docs] onto method [springfox.documentation.swagger2.web.Swagger2ControllerWebMvc#getDocumentation(String, HttpServletRequest)]
2024-01-05 10:24:58,386 INFO [main][ExecutorConfigurationSupport.java:181] - Initializing ExecutorService 'applicationTaskExecutor'
2024-01-05 10:24:58,386 INFO [main][ExecutorConfigurationSupport.java:181] - Initializing ExecutorService 'applicationTaskExecutor'
2024-01-05 10:24:58,588 INFO [main][DirectJDKLog.java:173] - Starting ProtocolHandler ["http-nio-8800"]
2024-01-05 10:24:58,588 INFO [main][DirectJDKLog.java:173] - Starting ProtocolHandler ["http-nio-8800"]
2024-01-05 10:24:58,604 INFO [main][TomcatWebServer.java:220] - Tomcat started on port(s): 8800 (http) with context path '/content'
2024-01-05 10:24:58,604 INFO [main][TomcatWebServer.java:220] - Tomcat started on port(s): 8800 (http) with context path '/content'
2024-01-05 10:24:58,605 INFO [main][DocumentationPluginsBootstrapper.java:93] - Documentation plugins bootstrapped
2024-01-05 10:24:58,605 INFO [main][DocumentationPluginsBootstrapper.java:93] - Documentation plugins bootstrapped
2024-01-05 10:24:58,608 INFO [main][AbstractDocumentationPluginsBootstrapper.java:79] - Found 1 custom documentation plugin(s)
2024-01-05 10:24:58,608 INFO [main][AbstractDocumentationPluginsBootstrapper.java:79] - Found 1 custom documentation plugin(s)
2024-01-05 10:24:58,631 INFO [main][ApiListingReferenceScanner.java:44] - Scanning for api listing references
2024-01-05 10:24:58,631 INFO [main][ApiListingReferenceScanner.java:44] - Scanning for api listing references
2024-01-05 10:24:58,757 INFO [main][StartupInfoLogger.java:61] - Started ContentApplication in 3.443 seconds (JVM running for 4.648)
2024-01-05 10:24:58,757 INFO [main][StartupInfoLogger.java:61] - Started ContentApplication in 3.443 seconds (JVM running for 4.648)
2024-01-05 10:25:04,107 INFO [http-nio-8800-exec-1][DirectJDKLog.java:173] - Initializing Spring DispatcherServlet 'dispatcherServlet'
2024-01-05 10:25:04,107 INFO [http-nio-8800-exec-1][DirectJDKLog.java:173] - Initializing Spring DispatcherServlet 'dispatcherServlet'
2024-01-05 10:25:04,108 INFO [http-nio-8800-exec-1][FrameworkServlet.java:525] - Initializing Servlet 'dispatcherServlet'
2024-01-05 10:25:04,108 INFO [http-nio-8800-exec-1][FrameworkServlet.java:525] - Initializing Servlet 'dispatcherServlet'
2024-01-05 10:25:04,112 INFO [http-nio-8800-exec-1][FrameworkServlet.java:547] - Completed initialization in 4 ms
2024-01-05 10:25:04,112 INFO [http-nio-8800-exec-1][FrameworkServlet.java:547] - Completed initialization in 4 ms
2024-01-05 10:25:04,142 INFO [http-nio-8800-exec-1][HikariDataSource.java:110] - HikariPool-1 - Starting...
2024-01-05 10:25:04,142 INFO [http-nio-8800-exec-1][HikariDataSource.java:110] - HikariPool-1 - Starting...
2024-01-05 10:25:04,245 INFO [http-nio-8800-exec-1][HikariDataSource.java:123] - HikariPool-1 - Start completed.
2024-01-05 10:25:04,245 INFO [http-nio-8800-exec-1][HikariDataSource.java:123] - HikariPool-1 - Start completed.
