2024-01-05 14:50:06,083 INFO [SpringContextShutdownHook][ExecutorConfigurationSupport.java:218] - Shutting down ExecutorService 'applicationTaskExecutor'
2024-01-05 14:50:06,083 INFO [SpringContextShutdownHook][ExecutorConfigurationSupport.java:218] - Shutting down ExecutorService 'applicationTaskExecutor'
2024-01-05 14:50:06,092 INFO [SpringContextShutdownHook][HikariDataSource.java:350] - HikariPool-1 - Shutdown initiated...
2024-01-05 14:50:06,092 INFO [SpringContextShutdownHook][HikariDataSource.java:350] - HikariPool-1 - Shutdown initiated...
2024-01-05 14:50:06,096 INFO [SpringContextShutdownHook][HikariDataSource.java:352] - HikariPool-1 - Shutdown completed.
2024-01-05 14:50:06,096 INFO [SpringContextShutdownHook][HikariDataSource.java:352] - HikariPool-1 - Shutdown completed.
2024-01-05 14:50:13,429 INFO [background-preinit][Version.java:21] - HV000001: Hibernate Validator 6.1.6.Final
2024-01-05 14:50:13,429 INFO [background-preinit][Version.java:21] - HV000001: Hibernate Validator 6.1.6.Final
2024-01-05 14:50:13,817 INFO [main][SpringApplication.java:651] - No active profile set, falling back to default profiles: default
2024-01-05 14:50:13,817 INFO [main][SpringApplication.java:651] - No active profile set, falling back to default profiles: default
2024-01-05 14:50:14,480 INFO [main][GenericScope.java:295] - BeanFactory id=a7dee421-33d9-3e95-a042-640c9e707fa5
2024-01-05 14:50:14,480 INFO [main][GenericScope.java:295] - BeanFactory id=a7dee421-33d9-3e95-a042-640c9e707fa5
2024-01-05 14:50:14,723 INFO [main][TomcatWebServer.java:108] - Tomcat initialized with port(s): 8800 (http)
2024-01-05 14:50:14,723 INFO [main][TomcatWebServer.java:108] - Tomcat initialized with port(s): 8800 (http)
2024-01-05 14:50:14,731 INFO [main][DirectJDKLog.java:173] - Initializing ProtocolHandler ["http-nio-8800"]
2024-01-05 14:50:14,731 INFO [main][DirectJDKLog.java:173] - Initializing ProtocolHandler ["http-nio-8800"]
2024-01-05 14:50:14,731 INFO [main][DirectJDKLog.java:173] - Starting service [Tomcat]
2024-01-05 14:50:14,731 INFO [main][DirectJDKLog.java:173] - Starting service [Tomcat]
2024-01-05 14:50:14,732 INFO [main][DirectJDKLog.java:173] - Starting Servlet engine: [Apache Tomcat/9.0.41]
2024-01-05 14:50:14,732 INFO [main][DirectJDKLog.java:173] - Starting Servlet engine: [Apache Tomcat/9.0.41]
2024-01-05 14:50:14,733 INFO [main][DirectJDKLog.java:173] - Loaded Apache Tomcat Native library [1.2.37] using APR version [1.7.4].
2024-01-05 14:50:14,733 INFO [main][DirectJDKLog.java:173] - Loaded Apache Tomcat Native library [1.2.37] using APR version [1.7.4].
2024-01-05 14:50:14,733 INFO [main][DirectJDKLog.java:173] - APR capabilities: IPv6 [true], sendfile [true], accept filters [false], random [true].
2024-01-05 14:50:14,733 INFO [main][DirectJDKLog.java:173] - APR capabilities: IPv6 [true], sendfile [true], accept filters [false], random [true].
2024-01-05 14:50:14,734 INFO [main][DirectJDKLog.java:173] - APR/OpenSSL configuration: useAprConnector [false], useOpenSSL [true]
2024-01-05 14:50:14,734 INFO [main][DirectJDKLog.java:173] - APR/OpenSSL configuration: useAprConnector [false], useOpenSSL [true]
2024-01-05 14:50:14,737 INFO [main][DirectJDKLog.java:173] - OpenSSL successfully initialized [OpenSSL 1.1.1u  30 May 2023]
2024-01-05 14:50:14,737 INFO [main][DirectJDKLog.java:173] - OpenSSL successfully initialized [OpenSSL 1.1.1u  30 May 2023]
2024-01-05 14:50:14,828 INFO [main][DirectJDKLog.java:173] - Initializing Spring embedded WebApplicationContext
2024-01-05 14:50:14,828 INFO [main][DirectJDKLog.java:173] - Initializing Spring embedded WebApplicationContext
2024-01-05 14:50:14,828 INFO [main][ServletWebServerApplicationContext.java:285] - Root WebApplicationContext: initialization completed in 1000 ms
2024-01-05 14:50:14,828 INFO [main][ServletWebServerApplicationContext.java:285] - Root WebApplicationContext: initialization completed in 1000 ms
2024-01-05 14:50:16,411 INFO [main][WebMvcPropertySourcedRequestMappingHandlerMapping.java:69] - Mapped URL path [/v2/api-docs] onto method [springfox.documentation.swagger2.web.Swagger2ControllerWebMvc#getDocumentation(String, HttpServletRequest)]
2024-01-05 14:50:16,411 INFO [main][WebMvcPropertySourcedRequestMappingHandlerMapping.java:69] - Mapped URL path [/v2/api-docs] onto method [springfox.documentation.swagger2.web.Swagger2ControllerWebMvc#getDocumentation(String, HttpServletRequest)]
2024-01-05 14:50:16,488 INFO [main][ExecutorConfigurationSupport.java:181] - Initializing ExecutorService 'applicationTaskExecutor'
2024-01-05 14:50:16,488 INFO [main][ExecutorConfigurationSupport.java:181] - Initializing ExecutorService 'applicationTaskExecutor'
2024-01-05 14:50:16,695 INFO [main][DirectJDKLog.java:173] - Starting ProtocolHandler ["http-nio-8800"]
2024-01-05 14:50:16,695 INFO [main][DirectJDKLog.java:173] - Starting ProtocolHandler ["http-nio-8800"]
2024-01-05 14:50:16,719 INFO [main][TomcatWebServer.java:220] - Tomcat started on port(s): 8800 (http) with context path '/content'
2024-01-05 14:50:16,719 INFO [main][TomcatWebServer.java:220] - Tomcat started on port(s): 8800 (http) with context path '/content'
2024-01-05 14:50:16,720 INFO [main][DocumentationPluginsBootstrapper.java:93] - Documentation plugins bootstrapped
2024-01-05 14:50:16,720 INFO [main][DocumentationPluginsBootstrapper.java:93] - Documentation plugins bootstrapped
2024-01-05 14:50:16,725 INFO [main][AbstractDocumentationPluginsBootstrapper.java:79] - Found 1 custom documentation plugin(s)
2024-01-05 14:50:16,725 INFO [main][AbstractDocumentationPluginsBootstrapper.java:79] - Found 1 custom documentation plugin(s)
2024-01-05 14:50:16,750 INFO [main][ApiListingReferenceScanner.java:44] - Scanning for api listing references
2024-01-05 14:50:16,750 INFO [main][ApiListingReferenceScanner.java:44] - Scanning for api listing references
2024-01-05 14:50:16,893 INFO [main][StartupInfoLogger.java:61] - Started ContentApplication in 3.83 seconds (JVM running for 5.11)
2024-01-05 14:50:16,893 INFO [main][StartupInfoLogger.java:61] - Started ContentApplication in 3.83 seconds (JVM running for 5.11)
2024-01-05 14:50:31,254 INFO [http-nio-8800-exec-1][DirectJDKLog.java:173] - Initializing Spring DispatcherServlet 'dispatcherServlet'
2024-01-05 14:50:31,254 INFO [http-nio-8800-exec-1][DirectJDKLog.java:173] - Initializing Spring DispatcherServlet 'dispatcherServlet'
2024-01-05 14:50:31,254 INFO [http-nio-8800-exec-1][FrameworkServlet.java:525] - Initializing Servlet 'dispatcherServlet'
2024-01-05 14:50:31,254 INFO [http-nio-8800-exec-1][FrameworkServlet.java:525] - Initializing Servlet 'dispatcherServlet'
2024-01-05 14:50:31,259 INFO [http-nio-8800-exec-1][FrameworkServlet.java:547] - Completed initialization in 5 ms
2024-01-05 14:50:31,259 INFO [http-nio-8800-exec-1][FrameworkServlet.java:547] - Completed initialization in 5 ms
2024-01-05 14:50:57,019 INFO [http-nio-8800-exec-4][HikariDataSource.java:110] - HikariPool-1 - Starting...
2024-01-05 14:50:57,019 INFO [http-nio-8800-exec-4][HikariDataSource.java:110] - HikariPool-1 - Starting...
2024-01-05 14:50:57,165 INFO [http-nio-8800-exec-4][HikariDataSource.java:123] - HikariPool-1 - Start completed.
2024-01-05 14:50:57,165 INFO [http-nio-8800-exec-4][HikariDataSource.java:123] - HikariPool-1 - Start completed.
