2024-01-02 20:22:41,728 INFO [http-nio-8810-exec-1][DirectJDKLog.java:173] - Initializing Spring DispatcherServlet 'dispatcherServlet'
2024-01-02 20:22:41,728 INFO [http-nio-8810-exec-1][DirectJDKLog.java:173] - Initializing Spring DispatcherServlet 'dispatcherServlet'
2024-01-02 20:22:41,736 INFO [http-nio-8810-exec-1][FrameworkServlet.java:525] - Initializing Servlet 'dispatcherServlet'
2024-01-02 20:22:41,736 INFO [http-nio-8810-exec-1][FrameworkServlet.java:525] - Initializing Servlet 'dispatcherServlet'
2024-01-02 20:22:41,750 INFO [http-nio-8810-exec-1][FrameworkServlet.java:547] - Completed initialization in 14 ms
2024-01-02 20:22:41,750 INFO [http-nio-8810-exec-1][FrameworkServlet.java:547] - Completed initialization in 14 ms
2024-01-02 20:22:41,823 INFO [http-nio-8810-exec-1][HikariDataSource.java:110] - HikariPool-1 - Starting...
2024-01-02 20:22:41,823 INFO [http-nio-8810-exec-1][HikariDataSource.java:110] - HikariPool-1 - Starting...
2024-01-02 20:22:41,928 INFO [http-nio-8810-exec-1][HikariDataSource.java:123] - HikariPool-1 - Start completed.
2024-01-02 20:22:41,928 INFO [http-nio-8810-exec-1][HikariDataSource.java:123] - HikariPool-1 - Start completed.
2024-01-02 20:22:42,144 INFO [http-nio-8800-exec-1][DirectJDKLog.java:173] - Initializing Spring DispatcherServlet 'dispatcherServlet'
2024-01-02 20:22:42,144 INFO [http-nio-8800-exec-1][DirectJDKLog.java:173] - Initializing Spring DispatcherServlet 'dispatcherServlet'
2024-01-02 20:22:42,145 INFO [http-nio-8800-exec-1][FrameworkServlet.java:525] - Initializing Servlet 'dispatcherServlet'
2024-01-02 20:22:42,145 INFO [http-nio-8800-exec-1][FrameworkServlet.java:525] - Initializing Servlet 'dispatcherServlet'
2024-01-02 20:22:42,149 INFO [http-nio-8800-exec-1][FrameworkServlet.java:547] - Completed initialization in 4 ms
2024-01-02 20:22:42,149 INFO [http-nio-8800-exec-1][FrameworkServlet.java:547] - Completed initialization in 4 ms
2024-01-02 20:22:42,269 INFO [http-nio-8800-exec-1][HikariDataSource.java:110] - HikariPool-1 - Starting...
2024-01-02 20:22:42,269 INFO [http-nio-8800-exec-1][HikariDataSource.java:110] - HikariPool-1 - Starting...
2024-01-02 20:22:42,373 INFO [http-nio-8800-exec-1][HikariDataSource.java:123] - HikariPool-1 - Start completed.
2024-01-02 20:22:42,373 INFO [http-nio-8800-exec-1][HikariDataSource.java:123] - HikariPool-1 - Start completed.
2024-01-02 20:29:45,361 INFO [SpringContextShutdownHook][ExecutorConfigurationSupport.java:218] - Shutting down ExecutorService 'applicationTaskExecutor'
2024-01-02 20:29:45,361 INFO [SpringContextShutdownHook][ExecutorConfigurationSupport.java:218] - Shutting down ExecutorService 'applicationTaskExecutor'
2024-01-02 20:29:45,363 INFO [SpringContextShutdownHook][HikariDataSource.java:350] - HikariPool-1 - Shutdown initiated...
2024-01-02 20:29:45,363 INFO [SpringContextShutdownHook][HikariDataSource.java:350] - HikariPool-1 - Shutdown initiated...
2024-01-02 20:29:45,453 INFO [SpringContextShutdownHook][HikariDataSource.java:352] - HikariPool-1 - Shutdown completed.
2024-01-02 20:29:45,453 INFO [SpringContextShutdownHook][HikariDataSource.java:352] - HikariPool-1 - Shutdown completed.
2024-01-02 20:29:45,566 INFO [SpringContextShutdownHook][ExecutorConfigurationSupport.java:218] - Shutting down ExecutorService 'taskScheduler'
2024-01-02 20:29:45,566 INFO [SpringContextShutdownHook][ExecutorConfigurationSupport.java:218] - Shutting down ExecutorService 'taskScheduler'
2024-01-02 20:29:45,568 INFO [SpringContextShutdownHook][ExecutorConfigurationSupport.java:218] - Shutting down ExecutorService 'applicationTaskExecutor'
2024-01-02 20:29:45,568 INFO [SpringContextShutdownHook][ExecutorConfigurationSupport.java:218] - Shutting down ExecutorService 'applicationTaskExecutor'
2024-01-02 20:29:45,572 INFO [SpringContextShutdownHook][HikariDataSource.java:350] - HikariPool-1 - Shutdown initiated...
2024-01-02 20:29:45,572 INFO [SpringContextShutdownHook][HikariDataSource.java:350] - HikariPool-1 - Shutdown initiated...
2024-01-02 20:29:45,584 INFO [SpringContextShutdownHook][HikariDataSource.java:352] - HikariPool-1 - Shutdown completed.
2024-01-02 20:29:45,584 INFO [SpringContextShutdownHook][HikariDataSource.java:352] - HikariPool-1 - Shutdown completed.
