2024-01-02 20:17:00,743 INFO [SpringContextShutdownHook][ExecutorConfigurationSupport.java:218] - Shutting down ExecutorService 'applicationTaskExecutor'
2024-01-02 20:17:00,743 INFO [SpringContextShutdownHook][ExecutorConfigurationSupport.java:218] - Shutting down ExecutorService 'applicationTaskExecutor'
2024-01-02 20:17:00,755 INFO [SpringContextShutdownHook][HikariDataSource.java:350] - HikariPool-1 - Shutdown initiated...
2024-01-02 20:17:00,755 INFO [SpringContextShutdownHook][HikariDataSource.java:350] - HikariPool-1 - Shutdown initiated...
2024-01-02 20:17:00,762 INFO [SpringContextShutdownHook][HikariDataSource.java:352] - HikariPool-1 - Shutdown completed.
2024-01-02 20:17:00,762 INFO [SpringContextShutdownHook][HikariDataSource.java:352] - HikariPool-1 - Shutdown completed.
2024-01-02 20:17:07,865 INFO [background-preinit][Version.java:21] - HV000001: Hibernate Validator 6.1.6.Final
2024-01-02 20:17:07,865 INFO [background-preinit][Version.java:21] - HV000001: Hibernate Validator 6.1.6.Final
2024-01-02 20:17:08,191 INFO [main][SpringApplication.java:651] - No active profile set, falling back to default profiles: default
2024-01-02 20:17:08,191 INFO [main][SpringApplication.java:651] - No active profile set, falling back to default profiles: default
2024-01-02 20:17:08,764 INFO [main][GenericScope.java:295] - BeanFactory id=faf5f130-80e8-3701-9834-7f1716df0385
2024-01-02 20:17:08,764 INFO [main][GenericScope.java:295] - BeanFactory id=faf5f130-80e8-3701-9834-7f1716df0385
2024-01-02 20:17:08,968 INFO [main][TomcatWebServer.java:108] - Tomcat initialized with port(s): 8800 (http)
2024-01-02 20:17:08,968 INFO [main][TomcatWebServer.java:108] - Tomcat initialized with port(s): 8800 (http)
2024-01-02 20:17:08,976 INFO [main][DirectJDKLog.java:173] - Initializing ProtocolHandler ["http-nio-8800"]
2024-01-02 20:17:08,976 INFO [main][DirectJDKLog.java:173] - Initializing ProtocolHandler ["http-nio-8800"]
2024-01-02 20:17:08,976 INFO [main][DirectJDKLog.java:173] - Starting service [Tomcat]
2024-01-02 20:17:08,976 INFO [main][DirectJDKLog.java:173] - Starting service [Tomcat]
2024-01-02 20:17:08,977 INFO [main][DirectJDKLog.java:173] - Starting Servlet engine: [Apache Tomcat/9.0.41]
2024-01-02 20:17:08,977 INFO [main][DirectJDKLog.java:173] - Starting Servlet engine: [Apache Tomcat/9.0.41]
2024-01-02 20:17:08,979 INFO [main][DirectJDKLog.java:173] - Loaded Apache Tomcat Native library [1.2.37] using APR version [1.7.4].
2024-01-02 20:17:08,979 INFO [main][DirectJDKLog.java:173] - Loaded Apache Tomcat Native library [1.2.37] using APR version [1.7.4].
2024-01-02 20:17:08,979 INFO [main][DirectJDKLog.java:173] - APR capabilities: IPv6 [true], sendfile [true], accept filters [false], random [true].
2024-01-02 20:17:08,979 INFO [main][DirectJDKLog.java:173] - APR capabilities: IPv6 [true], sendfile [true], accept filters [false], random [true].
2024-01-02 20:17:08,979 INFO [main][DirectJDKLog.java:173] - APR/OpenSSL configuration: useAprConnector [false], useOpenSSL [true]
2024-01-02 20:17:08,979 INFO [main][DirectJDKLog.java:173] - APR/OpenSSL configuration: useAprConnector [false], useOpenSSL [true]
2024-01-02 20:17:08,982 INFO [main][DirectJDKLog.java:173] - OpenSSL successfully initialized [OpenSSL 1.1.1u  30 May 2023]
2024-01-02 20:17:08,982 INFO [main][DirectJDKLog.java:173] - OpenSSL successfully initialized [OpenSSL 1.1.1u  30 May 2023]
2024-01-02 20:17:09,068 INFO [main][DirectJDKLog.java:173] - Initializing Spring embedded WebApplicationContext
2024-01-02 20:17:09,068 INFO [main][DirectJDKLog.java:173] - Initializing Spring embedded WebApplicationContext
2024-01-02 20:17:09,068 INFO [main][ServletWebServerApplicationContext.java:285] - Root WebApplicationContext: initialization completed in 868 ms
2024-01-02 20:17:09,068 INFO [main][ServletWebServerApplicationContext.java:285] - Root WebApplicationContext: initialization completed in 868 ms
2024-01-02 20:17:10,439 INFO [main][WebMvcPropertySourcedRequestMappingHandlerMapping.java:69] - Mapped URL path [/v2/api-docs] onto method [springfox.documentation.swagger2.web.Swagger2ControllerWebMvc#getDocumentation(String, HttpServletRequest)]
2024-01-02 20:17:10,439 INFO [main][WebMvcPropertySourcedRequestMappingHandlerMapping.java:69] - Mapped URL path [/v2/api-docs] onto method [springfox.documentation.swagger2.web.Swagger2ControllerWebMvc#getDocumentation(String, HttpServletRequest)]
2024-01-02 20:17:10,508 INFO [main][ExecutorConfigurationSupport.java:181] - Initializing ExecutorService 'applicationTaskExecutor'
2024-01-02 20:17:10,508 INFO [main][ExecutorConfigurationSupport.java:181] - Initializing ExecutorService 'applicationTaskExecutor'
2024-01-02 20:17:10,739 INFO [main][DirectJDKLog.java:173] - Starting ProtocolHandler ["http-nio-8800"]
2024-01-02 20:17:10,739 INFO [main][DirectJDKLog.java:173] - Starting ProtocolHandler ["http-nio-8800"]
2024-01-02 20:17:10,754 INFO [main][TomcatWebServer.java:220] - Tomcat started on port(s): 8800 (http) with context path '/content'
2024-01-02 20:17:10,754 INFO [main][TomcatWebServer.java:220] - Tomcat started on port(s): 8800 (http) with context path '/content'
2024-01-02 20:17:10,755 INFO [main][DocumentationPluginsBootstrapper.java:93] - Documentation plugins bootstrapped
2024-01-02 20:17:10,755 INFO [main][DocumentationPluginsBootstrapper.java:93] - Documentation plugins bootstrapped
2024-01-02 20:17:10,757 INFO [main][AbstractDocumentationPluginsBootstrapper.java:79] - Found 1 custom documentation plugin(s)
2024-01-02 20:17:10,757 INFO [main][AbstractDocumentationPluginsBootstrapper.java:79] - Found 1 custom documentation plugin(s)
2024-01-02 20:17:10,776 INFO [main][ApiListingReferenceScanner.java:44] - Scanning for api listing references
2024-01-02 20:17:10,776 INFO [main][ApiListingReferenceScanner.java:44] - Scanning for api listing references
2024-01-02 20:17:10,881 INFO [main][StartupInfoLogger.java:61] - Started ContentApplication in 3.322 seconds (JVM running for 4.454)
2024-01-02 20:17:10,881 INFO [main][StartupInfoLogger.java:61] - Started ContentApplication in 3.322 seconds (JVM running for 4.454)
2024-01-02 20:17:27,998 INFO [http-nio-8800-exec-1][DirectJDKLog.java:173] - Initializing Spring DispatcherServlet 'dispatcherServlet'
2024-01-02 20:17:27,998 INFO [http-nio-8800-exec-1][DirectJDKLog.java:173] - Initializing Spring DispatcherServlet 'dispatcherServlet'
2024-01-02 20:17:27,998 INFO [http-nio-8800-exec-1][FrameworkServlet.java:525] - Initializing Servlet 'dispatcherServlet'
2024-01-02 20:17:27,998 INFO [http-nio-8800-exec-1][FrameworkServlet.java:525] - Initializing Servlet 'dispatcherServlet'
2024-01-02 20:17:28,004 INFO [http-nio-8800-exec-1][FrameworkServlet.java:547] - Completed initialization in 6 ms
2024-01-02 20:17:28,004 INFO [http-nio-8800-exec-1][FrameworkServlet.java:547] - Completed initialization in 6 ms
2024-01-02 20:17:28,062 INFO [http-nio-8800-exec-1][HikariDataSource.java:110] - HikariPool-1 - Starting...
2024-01-02 20:17:28,062 INFO [http-nio-8800-exec-1][HikariDataSource.java:110] - HikariPool-1 - Starting...
2024-01-02 20:17:28,177 INFO [http-nio-8800-exec-1][HikariDataSource.java:123] - HikariPool-1 - Start completed.
2024-01-02 20:17:28,177 INFO [http-nio-8800-exec-1][HikariDataSource.java:123] - HikariPool-1 - Start completed.
2024-01-02 20:22:16,971 INFO [SpringContextShutdownHook][ExecutorConfigurationSupport.java:218] - Shutting down ExecutorService 'applicationTaskExecutor'
2024-01-02 20:22:16,971 INFO [SpringContextShutdownHook][ExecutorConfigurationSupport.java:218] - Shutting down ExecutorService 'applicationTaskExecutor'
2024-01-02 20:22:16,973 INFO [SpringContextShutdownHook][HikariDataSource.java:350] - HikariPool-1 - Shutdown initiated...
2024-01-02 20:22:16,973 INFO [SpringContextShutdownHook][HikariDataSource.java:350] - HikariPool-1 - Shutdown initiated...
2024-01-02 20:22:16,981 INFO [SpringContextShutdownHook][HikariDataSource.java:352] - HikariPool-1 - Shutdown completed.
2024-01-02 20:22:16,981 INFO [SpringContextShutdownHook][HikariDataSource.java:352] - HikariPool-1 - Shutdown completed.
2024-01-02 20:22:23,092 INFO [background-preinit][Version.java:21] - HV000001: Hibernate Validator 6.1.6.Final
2024-01-02 20:22:23,092 INFO [background-preinit][Version.java:21] - HV000001: Hibernate Validator 6.1.6.Final
2024-01-02 20:22:23,409 INFO [main][SpringApplication.java:651] - No active profile set, falling back to default profiles: default
2024-01-02 20:22:23,409 INFO [main][SpringApplication.java:651] - No active profile set, falling back to default profiles: default
2024-01-02 20:22:23,984 INFO [main][GenericScope.java:295] - BeanFactory id=faf5f130-80e8-3701-9834-7f1716df0385
2024-01-02 20:22:23,984 INFO [main][GenericScope.java:295] - BeanFactory id=faf5f130-80e8-3701-9834-7f1716df0385
2024-01-02 20:22:24,184 INFO [main][TomcatWebServer.java:108] - Tomcat initialized with port(s): 8800 (http)
2024-01-02 20:22:24,184 INFO [main][TomcatWebServer.java:108] - Tomcat initialized with port(s): 8800 (http)
2024-01-02 20:22:24,192 INFO [main][DirectJDKLog.java:173] - Initializing ProtocolHandler ["http-nio-8800"]
2024-01-02 20:22:24,192 INFO [main][DirectJDKLog.java:173] - Initializing ProtocolHandler ["http-nio-8800"]
2024-01-02 20:22:24,192 INFO [main][DirectJDKLog.java:173] - Starting service [Tomcat]
2024-01-02 20:22:24,192 INFO [main][DirectJDKLog.java:173] - Starting service [Tomcat]
2024-01-02 20:22:24,192 INFO [main][DirectJDKLog.java:173] - Starting Servlet engine: [Apache Tomcat/9.0.41]
2024-01-02 20:22:24,192 INFO [main][DirectJDKLog.java:173] - Starting Servlet engine: [Apache Tomcat/9.0.41]
2024-01-02 20:22:24,194 INFO [main][DirectJDKLog.java:173] - Loaded Apache Tomcat Native library [1.2.37] using APR version [1.7.4].
2024-01-02 20:22:24,194 INFO [main][DirectJDKLog.java:173] - Loaded Apache Tomcat Native library [1.2.37] using APR version [1.7.4].
2024-01-02 20:22:24,194 INFO [main][DirectJDKLog.java:173] - APR capabilities: IPv6 [true], sendfile [true], accept filters [false], random [true].
2024-01-02 20:22:24,194 INFO [main][DirectJDKLog.java:173] - APR capabilities: IPv6 [true], sendfile [true], accept filters [false], random [true].
2024-01-02 20:22:24,194 INFO [main][DirectJDKLog.java:173] - APR/OpenSSL configuration: useAprConnector [false], useOpenSSL [true]
2024-01-02 20:22:24,194 INFO [main][DirectJDKLog.java:173] - APR/OpenSSL configuration: useAprConnector [false], useOpenSSL [true]
2024-01-02 20:22:24,197 INFO [main][DirectJDKLog.java:173] - OpenSSL successfully initialized [OpenSSL 1.1.1u  30 May 2023]
2024-01-02 20:22:24,197 INFO [main][DirectJDKLog.java:173] - OpenSSL successfully initialized [OpenSSL 1.1.1u  30 May 2023]
2024-01-02 20:22:24,285 INFO [main][DirectJDKLog.java:173] - Initializing Spring embedded WebApplicationContext
2024-01-02 20:22:24,285 INFO [main][DirectJDKLog.java:173] - Initializing Spring embedded WebApplicationContext
2024-01-02 20:22:24,285 INFO [main][ServletWebServerApplicationContext.java:285] - Root WebApplicationContext: initialization completed in 867 ms
2024-01-02 20:22:24,285 INFO [main][ServletWebServerApplicationContext.java:285] - Root WebApplicationContext: initialization completed in 867 ms
2024-01-02 20:22:25,656 INFO [main][WebMvcPropertySourcedRequestMappingHandlerMapping.java:69] - Mapped URL path [/v2/api-docs] onto method [springfox.documentation.swagger2.web.Swagger2ControllerWebMvc#getDocumentation(String, HttpServletRequest)]
2024-01-02 20:22:25,656 INFO [main][WebMvcPropertySourcedRequestMappingHandlerMapping.java:69] - Mapped URL path [/v2/api-docs] onto method [springfox.documentation.swagger2.web.Swagger2ControllerWebMvc#getDocumentation(String, HttpServletRequest)]
2024-01-02 20:22:25,725 INFO [main][ExecutorConfigurationSupport.java:181] - Initializing ExecutorService 'applicationTaskExecutor'
2024-01-02 20:22:25,725 INFO [main][ExecutorConfigurationSupport.java:181] - Initializing ExecutorService 'applicationTaskExecutor'
2024-01-02 20:22:25,960 INFO [main][DirectJDKLog.java:173] - Starting ProtocolHandler ["http-nio-8800"]
2024-01-02 20:22:25,960 INFO [main][DirectJDKLog.java:173] - Starting ProtocolHandler ["http-nio-8800"]
2024-01-02 20:22:25,975 INFO [main][TomcatWebServer.java:220] - Tomcat started on port(s): 8800 (http) with context path '/content'
2024-01-02 20:22:25,975 INFO [main][TomcatWebServer.java:220] - Tomcat started on port(s): 8800 (http) with context path '/content'
2024-01-02 20:22:25,976 INFO [main][DocumentationPluginsBootstrapper.java:93] - Documentation plugins bootstrapped
2024-01-02 20:22:25,976 INFO [main][DocumentationPluginsBootstrapper.java:93] - Documentation plugins bootstrapped
2024-01-02 20:22:25,980 INFO [main][AbstractDocumentationPluginsBootstrapper.java:79] - Found 1 custom documentation plugin(s)
2024-01-02 20:22:25,980 INFO [main][AbstractDocumentationPluginsBootstrapper.java:79] - Found 1 custom documentation plugin(s)
2024-01-02 20:22:25,997 INFO [main][ApiListingReferenceScanner.java:44] - Scanning for api listing references
2024-01-02 20:22:25,997 INFO [main][ApiListingReferenceScanner.java:44] - Scanning for api listing references
2024-01-02 20:22:26,102 INFO [main][StartupInfoLogger.java:61] - Started ContentApplication in 3.311 seconds (JVM running for 4.543)
2024-01-02 20:22:26,102 INFO [main][StartupInfoLogger.java:61] - Started ContentApplication in 3.311 seconds (JVM running for 4.543)
