2024-01-14 12:10:28,168 INFO [SpringContextShutdownHook][ExecutorConfigurationSupport.java:218] - Shutting down ExecutorService 'taskScheduler'
2024-01-14 12:10:28,168 INFO [SpringContextShutdownHook][ExecutorConfigurationSupport.java:218] - Shutting down ExecutorService 'taskScheduler'
2024-01-14 12:10:28,182 INFO [SpringContextShutdownHook][ExecutorConfigurationSupport.java:218] - Shutting down ExecutorService 'applicationTaskExecutor'
2024-01-14 12:10:28,182 INFO [SpringContextShutdownHook][ExecutorConfigurationSupport.java:218] - Shutting down ExecutorService 'applicationTaskExecutor'
2024-01-14 12:10:28,186 INFO [SpringContextShutdownHook][HikariDataSource.java:350] - HikariPool-1 - Shutdown initiated...
2024-01-14 12:10:28,186 INFO [SpringContextShutdownHook][HikariDataSource.java:350] - HikariPool-1 - Shutdown initiated...
2024-01-14 12:10:28,194 INFO [SpringContextShutdownHook][HikariDataSource.java:352] - HikariPool-1 - Shutdown completed.
2024-01-14 12:10:28,194 INFO [SpringContextShutdownHook][HikariDataSource.java:352] - HikariPool-1 - Shutdown completed.
2024-01-14 12:10:28,275 INFO [SpringContextShutdownHook][ExecutorConfigurationSupport.java:218] - Shutting down ExecutorService 'Nacos-Watch-Task-Scheduler'
2024-01-14 12:10:28,275 INFO [SpringContextShutdownHook][ExecutorConfigurationSupport.java:218] - Shutting down ExecutorService 'Nacos-Watch-Task-Scheduler'
2024-01-14 12:10:28,276 INFO [SpringContextShutdownHook][NacosServiceRegistry.java:94] - De-registering from Nacos Server now...
2024-01-14 12:10:28,276 INFO [SpringContextShutdownHook][NacosServiceRegistry.java:94] - De-registering from Nacos Server now...
2024-01-14 12:10:28,276 INFO [SpringContextShutdownHook][BeatReactor.java:101] - [BEAT] removing beat: xuecheng-plus-project@@media-api:192.168.137.1:8830 from beat map.
2024-01-14 12:10:28,276 INFO [SpringContextShutdownHook][BeatReactor.java:101] - [BEAT] removing beat: xuecheng-plus-project@@media-api:192.168.137.1:8830 from beat map.
2024-01-14 12:10:28,277 INFO [SpringContextShutdownHook][NamingProxy.java:260] - [DEREGISTER-SERVICE] dev deregistering service xuecheng-plus-project@@media-api with instance: Instance{instanceId='null', ip='192.168.137.1', port=8830, weight=1.0, healthy=true, enabled=true, ephemeral=true, clusterName='DEFAULT', serviceName='null', metadata={}}
2024-01-14 12:10:28,277 INFO [SpringContextShutdownHook][NamingProxy.java:260] - [DEREGISTER-SERVICE] dev deregistering service xuecheng-plus-project@@media-api with instance: Instance{instanceId='null', ip='192.168.137.1', port=8830, weight=1.0, healthy=true, enabled=true, ephemeral=true, clusterName='DEFAULT', serviceName='null', metadata={}}
2024-01-14 12:10:28,282 INFO [SpringContextShutdownHook][NacosServiceRegistry.java:114] - De-registration finished.
2024-01-14 12:10:28,282 INFO [SpringContextShutdownHook][NacosServiceRegistry.java:114] - De-registration finished.
2024-01-14 12:10:28,282 INFO [SpringContextShutdownHook][BeatReactor.java:147] - com.alibaba.nacos.client.naming.beat.BeatReactor do shutdown begin
2024-01-14 12:10:28,282 INFO [SpringContextShutdownHook][BeatReactor.java:147] - com.alibaba.nacos.client.naming.beat.BeatReactor do shutdown begin
2024-01-14 12:10:28,344 INFO [SpringContextShutdownHook][ExecutorConfigurationSupport.java:218] - Shutting down ExecutorService 'Nacos-Watch-Task-Scheduler'
2024-01-14 12:10:28,344 INFO [SpringContextShutdownHook][ExecutorConfigurationSupport.java:218] - Shutting down ExecutorService 'Nacos-Watch-Task-Scheduler'
2024-01-14 12:10:28,346 INFO [SpringContextShutdownHook][NacosServiceRegistry.java:94] - De-registering from Nacos Server now...
2024-01-14 12:10:28,346 INFO [SpringContextShutdownHook][NacosServiceRegistry.java:94] - De-registering from Nacos Server now...
2024-01-14 12:10:28,346 INFO [SpringContextShutdownHook][BeatReactor.java:101] - [BEAT] removing beat: xuecheng-plus-project@@content-api:192.168.137.1:8800 from beat map.
2024-01-14 12:10:28,346 INFO [SpringContextShutdownHook][BeatReactor.java:101] - [BEAT] removing beat: xuecheng-plus-project@@content-api:192.168.137.1:8800 from beat map.
2024-01-14 12:10:28,347 INFO [SpringContextShutdownHook][NamingProxy.java:260] - [DEREGISTER-SERVICE] dev deregistering service xuecheng-plus-project@@content-api with instance: Instance{instanceId='null', ip='192.168.137.1', port=8800, weight=1.0, healthy=true, enabled=true, ephemeral=true, clusterName='DEFAULT', serviceName='null', metadata={}}
2024-01-14 12:10:28,347 INFO [SpringContextShutdownHook][NamingProxy.java:260] - [DEREGISTER-SERVICE] dev deregistering service xuecheng-plus-project@@content-api with instance: Instance{instanceId='null', ip='192.168.137.1', port=8800, weight=1.0, healthy=true, enabled=true, ephemeral=true, clusterName='DEFAULT', serviceName='null', metadata={}}
2024-01-14 12:10:28,350 INFO [SpringContextShutdownHook][NacosServiceRegistry.java:114] - De-registration finished.
2024-01-14 12:10:28,350 INFO [SpringContextShutdownHook][NacosServiceRegistry.java:114] - De-registration finished.
2024-01-14 12:10:28,350 INFO [SpringContextShutdownHook][BeatReactor.java:147] - com.alibaba.nacos.client.naming.beat.BeatReactor do shutdown begin
2024-01-14 12:10:28,350 INFO [SpringContextShutdownHook][BeatReactor.java:147] - com.alibaba.nacos.client.naming.beat.BeatReactor do shutdown begin
2024-01-14 12:10:29,154 INFO [com.alibaba.nacos.client.naming.updater][HostReactor.java:238] - removed ips(1) service: xuecheng-plus-project@@media-api -> [{"instanceId":"192.168.137.1#8830#DEFAULT#xuecheng-plus-project@@media-api","ip":"192.168.137.1","port":8830,"weight":1.0,"healthy":true,"enabled":true,"ephemeral":true,"clusterName":"DEFAULT","serviceName":"xuecheng-plus-project@@media-api","metadata":{"preserved.register.source":"SPRING_CLOUD"},"ipDeleteTimeout":30000,"instanceHeartBeatInterval":5000,"instanceHeartBeatTimeOut":15000}]
2024-01-14 12:10:29,154 INFO [com.alibaba.nacos.client.naming.updater][HostReactor.java:238] - removed ips(1) service: xuecheng-plus-project@@media-api -> [{"instanceId":"192.168.137.1#8830#DEFAULT#xuecheng-plus-project@@media-api","ip":"192.168.137.1","port":8830,"weight":1.0,"healthy":true,"enabled":true,"ephemeral":true,"clusterName":"DEFAULT","serviceName":"xuecheng-plus-project@@media-api","metadata":{"preserved.register.source":"SPRING_CLOUD"},"ipDeleteTimeout":30000,"instanceHeartBeatInterval":5000,"instanceHeartBeatTimeOut":15000}]
2024-01-14 12:10:29,155 INFO [com.alibaba.nacos.client.naming.updater][HostReactor.java:271] - current ips:(0) service: xuecheng-plus-project@@media-api -> []
2024-01-14 12:10:29,155 INFO [com.alibaba.nacos.client.naming.updater][HostReactor.java:271] - current ips:(0) service: xuecheng-plus-project@@media-api -> []
2024-01-14 12:10:29,778 INFO [com.alibaba.nacos.client.naming.updater][HostReactor.java:238] - removed ips(1) service: xuecheng-plus-project@@content-api@@DEFAULT -> [{"instanceId":"192.168.137.1#8800#DEFAULT#xuecheng-plus-project@@content-api","ip":"192.168.137.1","port":8800,"weight":1.0,"healthy":true,"enabled":true,"ephemeral":true,"clusterName":"DEFAULT","serviceName":"xuecheng-plus-project@@content-api","metadata":{"preserved.register.source":"SPRING_CLOUD"},"instanceHeartBeatTimeOut":15000,"instanceHeartBeatInterval":5000,"ipDeleteTimeout":30000}]
2024-01-14 12:10:29,778 INFO [com.alibaba.nacos.client.naming.updater][HostReactor.java:238] - removed ips(1) service: xuecheng-plus-project@@content-api@@DEFAULT -> [{"instanceId":"192.168.137.1#8800#DEFAULT#xuecheng-plus-project@@content-api","ip":"192.168.137.1","port":8800,"weight":1.0,"healthy":true,"enabled":true,"ephemeral":true,"clusterName":"DEFAULT","serviceName":"xuecheng-plus-project@@content-api","metadata":{"preserved.register.source":"SPRING_CLOUD"},"instanceHeartBeatTimeOut":15000,"instanceHeartBeatInterval":5000,"ipDeleteTimeout":30000}]
2024-01-14 12:10:29,780 INFO [com.alibaba.nacos.client.naming.updater][HostReactor.java:271] - current ips:(0) service: xuecheng-plus-project@@content-api@@DEFAULT -> []
2024-01-14 12:10:29,780 INFO [com.alibaba.nacos.client.naming.updater][HostReactor.java:271] - current ips:(0) service: xuecheng-plus-project@@content-api@@DEFAULT -> []
2024-01-14 12:10:30,360 INFO [SpringContextShutdownHook][BeatReactor.java:149] - com.alibaba.nacos.client.naming.beat.BeatReactor do shutdown stop
2024-01-14 12:10:30,360 INFO [SpringContextShutdownHook][BeatReactor.java:149] - com.alibaba.nacos.client.naming.beat.BeatReactor do shutdown stop
2024-01-14 12:10:30,361 INFO [SpringContextShutdownHook][HostReactor.java:413] - com.alibaba.nacos.client.naming.core.HostReactor do shutdown begin
2024-01-14 12:10:30,361 INFO [SpringContextShutdownHook][HostReactor.java:413] - com.alibaba.nacos.client.naming.core.HostReactor do shutdown begin
2024-01-14 12:10:31,322 INFO [SpringContextShutdownHook][BeatReactor.java:149] - com.alibaba.nacos.client.naming.beat.BeatReactor do shutdown stop
2024-01-14 12:10:31,322 INFO [SpringContextShutdownHook][BeatReactor.java:149] - com.alibaba.nacos.client.naming.beat.BeatReactor do shutdown stop
2024-01-14 12:10:31,323 INFO [SpringContextShutdownHook][HostReactor.java:413] - com.alibaba.nacos.client.naming.core.HostReactor do shutdown begin
2024-01-14 12:10:31,323 INFO [SpringContextShutdownHook][HostReactor.java:413] - com.alibaba.nacos.client.naming.core.HostReactor do shutdown begin
2024-01-14 12:10:31,371 INFO [SpringContextShutdownHook][BeatReactor.java:149] - com.alibaba.nacos.client.naming.beat.BeatReactor do shutdown stop
2024-01-14 12:10:31,371 INFO [SpringContextShutdownHook][BeatReactor.java:149] - com.alibaba.nacos.client.naming.beat.BeatReactor do shutdown stop
2024-01-14 12:10:31,371 INFO [SpringContextShutdownHook][HostReactor.java:413] - com.alibaba.nacos.client.naming.core.HostReactor do shutdown begin
2024-01-14 12:10:31,371 INFO [SpringContextShutdownHook][HostReactor.java:413] - com.alibaba.nacos.client.naming.core.HostReactor do shutdown begin
2024-01-14 12:10:31,789 INFO [SpringContextShutdownHook][PushReceiver.java:132] - com.alibaba.nacos.client.naming.core.PushReceiver do shutdown begin
2024-01-14 12:10:31,789 INFO [SpringContextShutdownHook][PushReceiver.java:132] - com.alibaba.nacos.client.naming.core.PushReceiver do shutdown begin
2024-01-14 12:10:32,764 INFO [com.alibaba.nacos.client.naming.updater][HostReactor.java:238] - removed ips(1) service: xuecheng-plus-project@@gateway@@DEFAULT -> [{"instanceId":"192.168.137.1#8820#DEFAULT#xuecheng-plus-project@@gateway","ip":"192.168.137.1","port":8820,"weight":1.0,"healthy":true,"enabled":true,"ephemeral":true,"clusterName":"DEFAULT","serviceName":"xuecheng-plus-project@@gateway","metadata":{"preserved.register.source":"SPRING_CLOUD"},"ipDeleteTimeout":30000,"instanceHeartBeatInterval":5000,"instanceHeartBeatTimeOut":15000}]
2024-01-14 12:10:32,764 INFO [com.alibaba.nacos.client.naming.updater][HostReactor.java:238] - removed ips(1) service: xuecheng-plus-project@@content-api -> [{"instanceId":"192.168.137.1#8800#DEFAULT#xuecheng-plus-project@@content-api","ip":"192.168.137.1","port":8800,"weight":1.0,"healthy":true,"enabled":true,"ephemeral":true,"clusterName":"DEFAULT","serviceName":"xuecheng-plus-project@@content-api","metadata":{"preserved.register.source":"SPRING_CLOUD"},"ipDeleteTimeout":30000,"instanceHeartBeatInterval":5000,"instanceHeartBeatTimeOut":15000}]
2024-01-14 12:10:32,764 INFO [com.alibaba.nacos.client.naming.updater][HostReactor.java:238] - removed ips(1) service: xuecheng-plus-project@@gateway@@DEFAULT -> [{"instanceId":"192.168.137.1#8820#DEFAULT#xuecheng-plus-project@@gateway","ip":"192.168.137.1","port":8820,"weight":1.0,"healthy":true,"enabled":true,"ephemeral":true,"clusterName":"DEFAULT","serviceName":"xuecheng-plus-project@@gateway","metadata":{"preserved.register.source":"SPRING_CLOUD"},"ipDeleteTimeout":30000,"instanceHeartBeatInterval":5000,"instanceHeartBeatTimeOut":15000}]
2024-01-14 12:10:32,764 INFO [com.alibaba.nacos.client.naming.updater][HostReactor.java:238] - removed ips(1) service: xuecheng-plus-project@@content-api -> [{"instanceId":"192.168.137.1#8800#DEFAULT#xuecheng-plus-project@@content-api","ip":"192.168.137.1","port":8800,"weight":1.0,"healthy":true,"enabled":true,"ephemeral":true,"clusterName":"DEFAULT","serviceName":"xuecheng-plus-project@@content-api","metadata":{"preserved.register.source":"SPRING_CLOUD"},"ipDeleteTimeout":30000,"instanceHeartBeatInterval":5000,"instanceHeartBeatTimeOut":15000}]
2024-01-14 12:10:32,765 INFO [com.alibaba.nacos.client.naming.updater][HostReactor.java:271] - current ips:(0) service: xuecheng-plus-project@@content-api -> []
2024-01-14 12:10:32,765 INFO [com.alibaba.nacos.client.naming.updater][HostReactor.java:271] - current ips:(0) service: xuecheng-plus-project@@content-api -> []
2024-01-14 12:10:32,765 INFO [com.alibaba.nacos.client.naming.updater][HostReactor.java:271] - current ips:(0) service: xuecheng-plus-project@@gateway@@DEFAULT -> []
2024-01-14 12:10:32,765 INFO [com.alibaba.nacos.client.naming.updater][HostReactor.java:271] - current ips:(0) service: xuecheng-plus-project@@gateway@@DEFAULT -> []
2024-01-14 12:10:32,766 INFO [SpringContextShutdownHook][PushReceiver.java:132] - com.alibaba.nacos.client.naming.core.PushReceiver do shutdown begin
2024-01-14 12:10:32,766 INFO [SpringContextShutdownHook][PushReceiver.java:132] - com.alibaba.nacos.client.naming.core.PushReceiver do shutdown begin
2024-01-14 12:10:33,866 INFO [com.alibaba.nacos.client.naming.updater][HostReactor.java:238] - removed ips(1) service: xuecheng-plus-project@@media-api@@DEFAULT -> [{"instanceId":"192.168.137.1#8830#DEFAULT#xuecheng-plus-project@@media-api","ip":"192.168.137.1","port":8830,"weight":1.0,"healthy":true,"enabled":true,"ephemeral":true,"clusterName":"DEFAULT","serviceName":"xuecheng-plus-project@@media-api","metadata":{"preserved.register.source":"SPRING_CLOUD"},"ipDeleteTimeout":30000,"instanceHeartBeatInterval":5000,"instanceHeartBeatTimeOut":15000}]
2024-01-14 12:10:33,866 INFO [com.alibaba.nacos.client.naming.updater][HostReactor.java:238] - removed ips(1) service: xuecheng-plus-project@@media-api@@DEFAULT -> [{"instanceId":"192.168.137.1#8830#DEFAULT#xuecheng-plus-project@@media-api","ip":"192.168.137.1","port":8830,"weight":1.0,"healthy":true,"enabled":true,"ephemeral":true,"clusterName":"DEFAULT","serviceName":"xuecheng-plus-project@@media-api","metadata":{"preserved.register.source":"SPRING_CLOUD"},"ipDeleteTimeout":30000,"instanceHeartBeatInterval":5000,"instanceHeartBeatTimeOut":15000}]
2024-01-14 12:10:33,868 INFO [com.alibaba.nacos.client.naming.updater][HostReactor.java:271] - current ips:(0) service: xuecheng-plus-project@@media-api@@DEFAULT -> []
2024-01-14 12:10:33,868 INFO [com.alibaba.nacos.client.naming.updater][HostReactor.java:271] - current ips:(0) service: xuecheng-plus-project@@media-api@@DEFAULT -> []
2024-01-14 12:10:33,869 INFO [SpringContextShutdownHook][PushReceiver.java:132] - com.alibaba.nacos.client.naming.core.PushReceiver do shutdown begin
2024-01-14 12:10:33,869 INFO [SpringContextShutdownHook][PushReceiver.java:132] - com.alibaba.nacos.client.naming.core.PushReceiver do shutdown begin
2024-01-14 12:10:34,816 INFO [SpringContextShutdownHook][PushReceiver.java:136] - com.alibaba.nacos.client.naming.core.PushReceiver do shutdown stop
2024-01-14 12:10:34,816 INFO [SpringContextShutdownHook][PushReceiver.java:136] - com.alibaba.nacos.client.naming.core.PushReceiver do shutdown stop
2024-01-14 12:10:34,816 INFO [SpringContextShutdownHook][FailoverReactor.java:132] - com.alibaba.nacos.client.naming.backups.FailoverReactor do shutdown begin
2024-01-14 12:10:34,816 INFO [SpringContextShutdownHook][FailoverReactor.java:132] - com.alibaba.nacos.client.naming.backups.FailoverReactor do shutdown begin
2024-01-14 12:10:34,817 INFO [SpringContextShutdownHook][FailoverReactor.java:134] - com.alibaba.nacos.client.naming.backups.FailoverReactor do shutdown stop
2024-01-14 12:10:34,817 INFO [SpringContextShutdownHook][FailoverReactor.java:134] - com.alibaba.nacos.client.naming.backups.FailoverReactor do shutdown stop
2024-01-14 12:10:34,817 INFO [SpringContextShutdownHook][HostReactor.java:418] - com.alibaba.nacos.client.naming.core.HostReactor do shutdown stop
2024-01-14 12:10:34,817 INFO [SpringContextShutdownHook][HostReactor.java:418] - com.alibaba.nacos.client.naming.core.HostReactor do shutdown stop
2024-01-14 12:10:34,817 INFO [SpringContextShutdownHook][NamingProxy.java:719] - com.alibaba.nacos.client.naming.net.NamingProxy do shutdown begin
2024-01-14 12:10:34,817 INFO [SpringContextShutdownHook][NamingProxy.java:719] - com.alibaba.nacos.client.naming.net.NamingProxy do shutdown begin
2024-01-14 12:10:34,818 WARN [SpringContextShutdownHook][NamingHttpClientManager.java:72] - [NamingHttpClientManager] Start destroying NacosRestTemplate
2024-01-14 12:10:34,818 WARN [SpringContextShutdownHook][NamingHttpClientManager.java:72] - [NamingHttpClientManager] Start destroying NacosRestTemplate
2024-01-14 12:10:34,818 WARN [SpringContextShutdownHook][NamingHttpClientManager.java:79] - [NamingHttpClientManager] Destruction of the end
2024-01-14 12:10:34,818 WARN [SpringContextShutdownHook][NamingHttpClientManager.java:79] - [NamingHttpClientManager] Destruction of the end
2024-01-14 12:10:34,818 INFO [SpringContextShutdownHook][CredentialWatcher.java:105] - [null] CredentialWatcher is stopped
2024-01-14 12:10:34,818 INFO [SpringContextShutdownHook][CredentialWatcher.java:105] - [null] CredentialWatcher is stopped
2024-01-14 12:10:34,819 INFO [SpringContextShutdownHook][CredentialService.java:98] - [null] CredentialService is freed
2024-01-14 12:10:34,819 INFO [SpringContextShutdownHook][CredentialService.java:98] - [null] CredentialService is freed
2024-01-14 12:10:34,819 INFO [SpringContextShutdownHook][NamingProxy.java:723] - com.alibaba.nacos.client.naming.net.NamingProxy do shutdown stop
2024-01-14 12:10:34,819 INFO [SpringContextShutdownHook][NamingProxy.java:723] - com.alibaba.nacos.client.naming.net.NamingProxy do shutdown stop
2024-01-14 12:10:34,819 WARN [SpringContextShutdownHook][DisposableBeanAdapter.java:349] - Destroy method 'close' on bean with name 'nacosServiceRegistry' threw an exception: java.lang.NullPointerException
2024-01-14 12:10:34,819 WARN [SpringContextShutdownHook][DisposableBeanAdapter.java:349] - Destroy method 'close' on bean with name 'nacosServiceRegistry' threw an exception: java.lang.NullPointerException
2024-01-14 12:10:34,821 INFO [SpringContextShutdownHook][ExecutorConfigurationSupport.java:218] - Shutting down ExecutorService 'applicationTaskExecutor'
2024-01-14 12:10:34,821 INFO [SpringContextShutdownHook][ExecutorConfigurationSupport.java:218] - Shutting down ExecutorService 'applicationTaskExecutor'
2024-01-14 12:10:34,824 INFO [SpringContextShutdownHook][HikariDataSource.java:350] - HikariPool-1 - Shutdown initiated...
2024-01-14 12:10:34,824 INFO [SpringContextShutdownHook][HikariDataSource.java:350] - HikariPool-1 - Shutdown initiated...
2024-01-14 12:10:34,830 INFO [SpringContextShutdownHook][HikariDataSource.java:352] - HikariPool-1 - Shutdown completed.
2024-01-14 12:10:34,830 INFO [SpringContextShutdownHook][HikariDataSource.java:352] - HikariPool-1 - Shutdown completed.
2024-01-14 12:10:35,785 INFO [SpringContextShutdownHook][PushReceiver.java:136] - com.alibaba.nacos.client.naming.core.PushReceiver do shutdown stop
2024-01-14 12:10:35,785 INFO [SpringContextShutdownHook][PushReceiver.java:136] - com.alibaba.nacos.client.naming.core.PushReceiver do shutdown stop
2024-01-14 12:10:35,786 INFO [SpringContextShutdownHook][FailoverReactor.java:132] - com.alibaba.nacos.client.naming.backups.FailoverReactor do shutdown begin
2024-01-14 12:10:35,786 INFO [SpringContextShutdownHook][FailoverReactor.java:132] - com.alibaba.nacos.client.naming.backups.FailoverReactor do shutdown begin
2024-01-14 12:10:35,786 INFO [SpringContextShutdownHook][FailoverReactor.java:134] - com.alibaba.nacos.client.naming.backups.FailoverReactor do shutdown stop
2024-01-14 12:10:35,786 INFO [SpringContextShutdownHook][FailoverReactor.java:134] - com.alibaba.nacos.client.naming.backups.FailoverReactor do shutdown stop
2024-01-14 12:10:35,786 INFO [SpringContextShutdownHook][HostReactor.java:418] - com.alibaba.nacos.client.naming.core.HostReactor do shutdown stop
2024-01-14 12:10:35,786 INFO [SpringContextShutdownHook][HostReactor.java:418] - com.alibaba.nacos.client.naming.core.HostReactor do shutdown stop
2024-01-14 12:10:35,786 INFO [SpringContextShutdownHook][NamingProxy.java:719] - com.alibaba.nacos.client.naming.net.NamingProxy do shutdown begin
2024-01-14 12:10:35,786 INFO [SpringContextShutdownHook][NamingProxy.java:719] - com.alibaba.nacos.client.naming.net.NamingProxy do shutdown begin
2024-01-14 12:10:35,786 WARN [SpringContextShutdownHook][NamingHttpClientManager.java:72] - [NamingHttpClientManager] Start destroying NacosRestTemplate
2024-01-14 12:10:35,786 WARN [SpringContextShutdownHook][NamingHttpClientManager.java:72] - [NamingHttpClientManager] Start destroying NacosRestTemplate
2024-01-14 12:10:35,787 WARN [SpringContextShutdownHook][NamingHttpClientManager.java:79] - [NamingHttpClientManager] Destruction of the end
2024-01-14 12:10:35,787 WARN [SpringContextShutdownHook][NamingHttpClientManager.java:79] - [NamingHttpClientManager] Destruction of the end
2024-01-14 12:10:35,787 INFO [SpringContextShutdownHook][CredentialWatcher.java:105] - [null] CredentialWatcher is stopped
2024-01-14 12:10:35,787 INFO [SpringContextShutdownHook][CredentialWatcher.java:105] - [null] CredentialWatcher is stopped
2024-01-14 12:10:35,787 INFO [SpringContextShutdownHook][CredentialService.java:98] - [null] CredentialService is freed
2024-01-14 12:10:35,787 INFO [SpringContextShutdownHook][CredentialService.java:98] - [null] CredentialService is freed
2024-01-14 12:10:35,787 INFO [SpringContextShutdownHook][NamingProxy.java:723] - com.alibaba.nacos.client.naming.net.NamingProxy do shutdown stop
2024-01-14 12:10:35,787 INFO [SpringContextShutdownHook][NamingProxy.java:723] - com.alibaba.nacos.client.naming.net.NamingProxy do shutdown stop
2024-01-14 12:10:35,788 WARN [SpringContextShutdownHook][DisposableBeanAdapter.java:349] - Destroy method 'close' on bean with name 'nacosServiceRegistry' threw an exception: java.lang.NullPointerException
2024-01-14 12:10:35,788 WARN [SpringContextShutdownHook][DisposableBeanAdapter.java:349] - Destroy method 'close' on bean with name 'nacosServiceRegistry' threw an exception: java.lang.NullPointerException
2024-01-14 12:10:36,887 INFO [SpringContextShutdownHook][PushReceiver.java:136] - com.alibaba.nacos.client.naming.core.PushReceiver do shutdown stop
2024-01-14 12:10:36,887 INFO [SpringContextShutdownHook][PushReceiver.java:136] - com.alibaba.nacos.client.naming.core.PushReceiver do shutdown stop
2024-01-14 12:10:36,887 INFO [SpringContextShutdownHook][FailoverReactor.java:132] - com.alibaba.nacos.client.naming.backups.FailoverReactor do shutdown begin
2024-01-14 12:10:36,887 INFO [SpringContextShutdownHook][FailoverReactor.java:132] - com.alibaba.nacos.client.naming.backups.FailoverReactor do shutdown begin
2024-01-14 12:10:36,888 INFO [SpringContextShutdownHook][FailoverReactor.java:134] - com.alibaba.nacos.client.naming.backups.FailoverReactor do shutdown stop
2024-01-14 12:10:36,888 INFO [SpringContextShutdownHook][FailoverReactor.java:134] - com.alibaba.nacos.client.naming.backups.FailoverReactor do shutdown stop
2024-01-14 12:10:36,888 INFO [SpringContextShutdownHook][HostReactor.java:418] - com.alibaba.nacos.client.naming.core.HostReactor do shutdown stop
2024-01-14 12:10:36,888 INFO [SpringContextShutdownHook][HostReactor.java:418] - com.alibaba.nacos.client.naming.core.HostReactor do shutdown stop
2024-01-14 12:10:36,888 INFO [SpringContextShutdownHook][NamingProxy.java:719] - com.alibaba.nacos.client.naming.net.NamingProxy do shutdown begin
2024-01-14 12:10:36,888 INFO [SpringContextShutdownHook][NamingProxy.java:719] - com.alibaba.nacos.client.naming.net.NamingProxy do shutdown begin
2024-01-14 12:10:36,889 WARN [SpringContextShutdownHook][NamingHttpClientManager.java:72] - [NamingHttpClientManager] Start destroying NacosRestTemplate
2024-01-14 12:10:36,889 WARN [SpringContextShutdownHook][NamingHttpClientManager.java:72] - [NamingHttpClientManager] Start destroying NacosRestTemplate
2024-01-14 12:10:36,890 WARN [SpringContextShutdownHook][NamingHttpClientManager.java:79] - [NamingHttpClientManager] Destruction of the end
2024-01-14 12:10:36,890 WARN [SpringContextShutdownHook][NamingHttpClientManager.java:79] - [NamingHttpClientManager] Destruction of the end
2024-01-14 12:10:36,890 INFO [SpringContextShutdownHook][CredentialWatcher.java:105] - [null] CredentialWatcher is stopped
2024-01-14 12:10:36,890 INFO [SpringContextShutdownHook][CredentialWatcher.java:105] - [null] CredentialWatcher is stopped
2024-01-14 12:10:36,890 INFO [SpringContextShutdownHook][CredentialService.java:98] - [null] CredentialService is freed
2024-01-14 12:10:36,890 INFO [SpringContextShutdownHook][NamingProxy.java:723] - com.alibaba.nacos.client.naming.net.NamingProxy do shutdown stop
2024-01-14 12:10:36,890 INFO [SpringContextShutdownHook][CredentialService.java:98] - [null] CredentialService is freed
2024-01-14 12:10:36,890 INFO [SpringContextShutdownHook][NamingProxy.java:723] - com.alibaba.nacos.client.naming.net.NamingProxy do shutdown stop
2024-01-14 12:10:36,890 WARN [SpringContextShutdownHook][DisposableBeanAdapter.java:349] - Destroy method 'close' on bean with name 'nacosServiceRegistry' threw an exception: java.lang.NullPointerException
2024-01-14 12:10:36,890 WARN [SpringContextShutdownHook][DisposableBeanAdapter.java:349] - Destroy method 'close' on bean with name 'nacosServiceRegistry' threw an exception: java.lang.NullPointerException
2024-01-14 12:10:36,892 INFO [SpringContextShutdownHook][ExecutorConfigurationSupport.java:218] - Shutting down ExecutorService 'applicationTaskExecutor'
2024-01-14 12:10:36,892 INFO [SpringContextShutdownHook][ExecutorConfigurationSupport.java:218] - Shutting down ExecutorService 'applicationTaskExecutor'
2024-01-14 12:10:36,894 INFO [SpringContextShutdownHook][HikariDataSource.java:350] - HikariPool-1 - Shutdown initiated...
2024-01-14 12:10:36,894 INFO [SpringContextShutdownHook][HikariDataSource.java:350] - HikariPool-1 - Shutdown initiated...
2024-01-14 12:10:36,906 INFO [SpringContextShutdownHook][HikariDataSource.java:352] - HikariPool-1 - Shutdown completed.
2024-01-14 12:10:36,906 INFO [SpringContextShutdownHook][HikariDataSource.java:352] - HikariPool-1 - Shutdown completed.
