2024-01-14 16:05:54,364 INFO [SpringContextShutdownHook][ExecutorConfigurationSupport.java:218] - Shutting down ExecutorService 'taskScheduler'
2024-01-14 16:05:54,364 INFO [SpringContextShutdownHook][ExecutorConfigurationSupport.java:218] - Shutting down ExecutorService 'taskScheduler'
2024-01-14 16:05:54,378 INFO [SpringContextShutdownHook][ExecutorConfigurationSupport.java:218] - Shutting down ExecutorService 'applicationTaskExecutor'
2024-01-14 16:05:54,378 INFO [SpringContextShutdownHook][ExecutorConfigurationSupport.java:218] - Shutting down ExecutorService 'applicationTaskExecutor'
2024-01-14 16:05:54,393 INFO [SpringContextShutdownHook][HikariDataSource.java:350] - HikariPool-1 - Shutdown initiated...
2024-01-14 16:05:54,393 INFO [SpringContextShutdownHook][HikariDataSource.java:350] - HikariPool-1 - Shutdown initiated...
2024-01-14 16:05:54,403 INFO [SpringContextShutdownHook][HikariDataSource.java:352] - HikariPool-1 - Shutdown completed.
2024-01-14 16:05:54,403 INFO [SpringContextShutdownHook][HikariDataSource.java:352] - HikariPool-1 - Shutdown completed.
2024-01-14 16:05:54,560 INFO [SpringContextShutdownHook][ExecutorConfigurationSupport.java:218] - Shutting down ExecutorService 'Nacos-Watch-Task-Scheduler'
2024-01-14 16:05:54,560 INFO [SpringContextShutdownHook][ExecutorConfigurationSupport.java:218] - Shutting down ExecutorService 'Nacos-Watch-Task-Scheduler'
2024-01-14 16:05:54,562 INFO [SpringContextShutdownHook][NacosServiceRegistry.java:94] - De-registering from Nacos Server now...
2024-01-14 16:05:54,564 INFO [SpringContextShutdownHook][BeatReactor.java:101] - [BEAT] removing beat: xuecheng-plus-project@@media-api:192.168.137.1:8830 from beat map.
2024-01-14 16:05:54,565 INFO [SpringContextShutdownHook][NamingProxy.java:260] - [DEREGISTER-SERVICE] dev deregistering service xuecheng-plus-project@@media-api with instance: Instance{instanceId='null', ip='192.168.137.1', port=8830, weight=1.0, healthy=true, enabled=true, ephemeral=true, clusterName='DEFAULT', serviceName='null', metadata={}}
2024-01-14 16:05:54,562 INFO [SpringContextShutdownHook][NacosServiceRegistry.java:94] - De-registering from Nacos Server now...
2024-01-14 16:05:54,564 INFO [SpringContextShutdownHook][BeatReactor.java:101] - [BEAT] removing beat: xuecheng-plus-project@@media-api:192.168.137.1:8830 from beat map.
2024-01-14 16:05:54,565 INFO [SpringContextShutdownHook][NamingProxy.java:260] - [DEREGISTER-SERVICE] dev deregistering service xuecheng-plus-project@@media-api with instance: Instance{instanceId='null', ip='192.168.137.1', port=8830, weight=1.0, healthy=true, enabled=true, ephemeral=true, clusterName='DEFAULT', serviceName='null', metadata={}}
2024-01-14 16:05:54,567 INFO [SpringContextShutdownHook][ExecutorConfigurationSupport.java:218] - Shutting down ExecutorService 'Nacos-Watch-Task-Scheduler'
2024-01-14 16:05:54,570 INFO [SpringContextShutdownHook][NacosServiceRegistry.java:94] - De-registering from Nacos Server now...
2024-01-14 16:05:54,571 INFO [SpringContextShutdownHook][BeatReactor.java:101] - [BEAT] removing beat: xuecheng-plus-project@@content-api:192.168.137.1:8800 from beat map.
2024-01-14 16:05:54,567 INFO [SpringContextShutdownHook][ExecutorConfigurationSupport.java:218] - Shutting down ExecutorService 'Nacos-Watch-Task-Scheduler'
2024-01-14 16:05:54,570 INFO [SpringContextShutdownHook][NacosServiceRegistry.java:94] - De-registering from Nacos Server now...
2024-01-14 16:05:54,571 INFO [SpringContextShutdownHook][BeatReactor.java:101] - [BEAT] removing beat: xuecheng-plus-project@@content-api:192.168.137.1:8800 from beat map.
2024-01-14 16:05:54,571 INFO [SpringContextShutdownHook][NamingProxy.java:260] - [DEREGISTER-SERVICE] dev deregistering service xuecheng-plus-project@@content-api with instance: Instance{instanceId='null', ip='192.168.137.1', port=8800, weight=1.0, healthy=true, enabled=true, ephemeral=true, clusterName='DEFAULT', serviceName='null', metadata={}}
2024-01-14 16:05:54,571 INFO [SpringContextShutdownHook][NamingProxy.java:260] - [DEREGISTER-SERVICE] dev deregistering service xuecheng-plus-project@@content-api with instance: Instance{instanceId='null', ip='192.168.137.1', port=8800, weight=1.0, healthy=true, enabled=true, ephemeral=true, clusterName='DEFAULT', serviceName='null', metadata={}}
2024-01-14 16:05:54,579 INFO [SpringContextShutdownHook][NacosServiceRegistry.java:114] - De-registration finished.
2024-01-14 16:05:54,579 INFO [SpringContextShutdownHook][BeatReactor.java:147] - com.alibaba.nacos.client.naming.beat.BeatReactor do shutdown begin
2024-01-14 16:05:54,579 INFO [SpringContextShutdownHook][NacosServiceRegistry.java:114] - De-registration finished.
2024-01-14 16:05:54,579 INFO [SpringContextShutdownHook][BeatReactor.java:147] - com.alibaba.nacos.client.naming.beat.BeatReactor do shutdown begin
2024-01-14 16:05:54,587 INFO [SpringContextShutdownHook][NacosServiceRegistry.java:114] - De-registration finished.
2024-01-14 16:05:54,587 INFO [SpringContextShutdownHook][BeatReactor.java:147] - com.alibaba.nacos.client.naming.beat.BeatReactor do shutdown begin
2024-01-14 16:05:54,587 INFO [SpringContextShutdownHook][NacosServiceRegistry.java:114] - De-registration finished.
2024-01-14 16:05:54,587 INFO [SpringContextShutdownHook][BeatReactor.java:147] - com.alibaba.nacos.client.naming.beat.BeatReactor do shutdown begin
2024-01-14 16:05:54,798 INFO [SpringContextShutdownHook][BeatReactor.java:149] - com.alibaba.nacos.client.naming.beat.BeatReactor do shutdown stop
2024-01-14 16:05:54,798 INFO [SpringContextShutdownHook][BeatReactor.java:149] - com.alibaba.nacos.client.naming.beat.BeatReactor do shutdown stop
2024-01-14 16:05:54,798 INFO [SpringContextShutdownHook][HostReactor.java:413] - com.alibaba.nacos.client.naming.core.HostReactor do shutdown begin
2024-01-14 16:05:54,798 INFO [SpringContextShutdownHook][HostReactor.java:413] - com.alibaba.nacos.client.naming.core.HostReactor do shutdown begin
2024-01-14 16:05:54,921 INFO [SpringContextShutdownHook][BeatReactor.java:149] - com.alibaba.nacos.client.naming.beat.BeatReactor do shutdown stop
2024-01-14 16:05:54,921 INFO [SpringContextShutdownHook][BeatReactor.java:149] - com.alibaba.nacos.client.naming.beat.BeatReactor do shutdown stop
2024-01-14 16:05:54,921 INFO [SpringContextShutdownHook][HostReactor.java:413] - com.alibaba.nacos.client.naming.core.HostReactor do shutdown begin
2024-01-14 16:05:54,921 INFO [SpringContextShutdownHook][HostReactor.java:413] - com.alibaba.nacos.client.naming.core.HostReactor do shutdown begin
2024-01-14 16:05:56,266 INFO [com.alibaba.nacos.client.naming.updater][HostReactor.java:238] - removed ips(1) service: xuecheng-plus-project@@content-api@@DEFAULT -> [{"instanceId":"192.168.137.1#8800#DEFAULT#xuecheng-plus-project@@content-api","ip":"192.168.137.1","port":8800,"weight":1.0,"healthy":true,"enabled":true,"ephemeral":true,"clusterName":"DEFAULT","serviceName":"xuecheng-plus-project@@content-api","metadata":{"preserved.register.source":"SPRING_CLOUD"},"ipDeleteTimeout":30000,"instanceHeartBeatInterval":5000,"instanceHeartBeatTimeOut":15000}]
2024-01-14 16:05:56,266 INFO [com.alibaba.nacos.client.naming.updater][HostReactor.java:238] - removed ips(1) service: xuecheng-plus-project@@content-api@@DEFAULT -> [{"instanceId":"192.168.137.1#8800#DEFAULT#xuecheng-plus-project@@content-api","ip":"192.168.137.1","port":8800,"weight":1.0,"healthy":true,"enabled":true,"ephemeral":true,"clusterName":"DEFAULT","serviceName":"xuecheng-plus-project@@content-api","metadata":{"preserved.register.source":"SPRING_CLOUD"},"ipDeleteTimeout":30000,"instanceHeartBeatInterval":5000,"instanceHeartBeatTimeOut":15000}]
2024-01-14 16:05:56,267 INFO [com.alibaba.nacos.client.naming.updater][HostReactor.java:271] - current ips:(0) service: xuecheng-plus-project@@content-api@@DEFAULT -> []
2024-01-14 16:05:56,267 INFO [com.alibaba.nacos.client.naming.updater][HostReactor.java:271] - current ips:(0) service: xuecheng-plus-project@@content-api@@DEFAULT -> []
2024-01-14 16:05:56,268 INFO [SpringContextShutdownHook][PushReceiver.java:132] - com.alibaba.nacos.client.naming.core.PushReceiver do shutdown begin
2024-01-14 16:05:56,268 INFO [SpringContextShutdownHook][PushReceiver.java:132] - com.alibaba.nacos.client.naming.core.PushReceiver do shutdown begin
2024-01-14 16:05:56,622 INFO [SpringContextShutdownHook][BeatReactor.java:149] - com.alibaba.nacos.client.naming.beat.BeatReactor do shutdown stop
2024-01-14 16:05:56,622 INFO [SpringContextShutdownHook][BeatReactor.java:149] - com.alibaba.nacos.client.naming.beat.BeatReactor do shutdown stop
2024-01-14 16:05:56,622 INFO [SpringContextShutdownHook][HostReactor.java:413] - com.alibaba.nacos.client.naming.core.HostReactor do shutdown begin
2024-01-14 16:05:56,622 INFO [SpringContextShutdownHook][HostReactor.java:413] - com.alibaba.nacos.client.naming.core.HostReactor do shutdown begin
2024-01-14 16:05:57,737 INFO [com.alibaba.nacos.client.naming.updater][HostReactor.java:238] - removed ips(1) service: xuecheng-plus-project@@media-api@@DEFAULT -> [{"instanceId":"192.168.137.1#8830#DEFAULT#xuecheng-plus-project@@media-api","ip":"192.168.137.1","port":8830,"weight":1.0,"healthy":true,"enabled":true,"ephemeral":true,"clusterName":"DEFAULT","serviceName":"xuecheng-plus-project@@media-api","metadata":{"preserved.register.source":"SPRING_CLOUD"},"ipDeleteTimeout":30000,"instanceHeartBeatTimeOut":15000,"instanceHeartBeatInterval":5000}]
2024-01-14 16:05:57,737 INFO [com.alibaba.nacos.client.naming.updater][HostReactor.java:238] - removed ips(1) service: xuecheng-plus-project@@media-api@@DEFAULT -> [{"instanceId":"192.168.137.1#8830#DEFAULT#xuecheng-plus-project@@media-api","ip":"192.168.137.1","port":8830,"weight":1.0,"healthy":true,"enabled":true,"ephemeral":true,"clusterName":"DEFAULT","serviceName":"xuecheng-plus-project@@media-api","metadata":{"preserved.register.source":"SPRING_CLOUD"},"ipDeleteTimeout":30000,"instanceHeartBeatTimeOut":15000,"instanceHeartBeatInterval":5000}]
2024-01-14 16:05:57,739 INFO [com.alibaba.nacos.client.naming.updater][HostReactor.java:271] - current ips:(0) service: xuecheng-plus-project@@media-api@@DEFAULT -> []
2024-01-14 16:05:57,739 INFO [com.alibaba.nacos.client.naming.updater][HostReactor.java:271] - current ips:(0) service: xuecheng-plus-project@@media-api@@DEFAULT -> []
2024-01-14 16:05:57,739 INFO [SpringContextShutdownHook][PushReceiver.java:132] - com.alibaba.nacos.client.naming.core.PushReceiver do shutdown begin
2024-01-14 16:05:57,739 INFO [SpringContextShutdownHook][PushReceiver.java:132] - com.alibaba.nacos.client.naming.core.PushReceiver do shutdown begin
2024-01-14 16:05:57,938 INFO [SpringContextShutdownHook][PushReceiver.java:132] - com.alibaba.nacos.client.naming.core.PushReceiver do shutdown begin
2024-01-14 16:05:57,938 INFO [SpringContextShutdownHook][PushReceiver.java:132] - com.alibaba.nacos.client.naming.core.PushReceiver do shutdown begin
2024-01-14 16:05:59,294 INFO [SpringContextShutdownHook][PushReceiver.java:136] - com.alibaba.nacos.client.naming.core.PushReceiver do shutdown stop
2024-01-14 16:05:59,294 INFO [SpringContextShutdownHook][PushReceiver.java:136] - com.alibaba.nacos.client.naming.core.PushReceiver do shutdown stop
2024-01-14 16:05:59,294 INFO [SpringContextShutdownHook][FailoverReactor.java:132] - com.alibaba.nacos.client.naming.backups.FailoverReactor do shutdown begin
2024-01-14 16:05:59,294 INFO [SpringContextShutdownHook][FailoverReactor.java:132] - com.alibaba.nacos.client.naming.backups.FailoverReactor do shutdown begin
2024-01-14 16:05:59,295 INFO [SpringContextShutdownHook][FailoverReactor.java:134] - com.alibaba.nacos.client.naming.backups.FailoverReactor do shutdown stop
2024-01-14 16:05:59,295 INFO [SpringContextShutdownHook][FailoverReactor.java:134] - com.alibaba.nacos.client.naming.backups.FailoverReactor do shutdown stop
2024-01-14 16:05:59,295 INFO [SpringContextShutdownHook][HostReactor.java:418] - com.alibaba.nacos.client.naming.core.HostReactor do shutdown stop
2024-01-14 16:05:59,295 INFO [SpringContextShutdownHook][HostReactor.java:418] - com.alibaba.nacos.client.naming.core.HostReactor do shutdown stop
2024-01-14 16:05:59,295 INFO [SpringContextShutdownHook][NamingProxy.java:719] - com.alibaba.nacos.client.naming.net.NamingProxy do shutdown begin
2024-01-14 16:05:59,295 INFO [SpringContextShutdownHook][NamingProxy.java:719] - com.alibaba.nacos.client.naming.net.NamingProxy do shutdown begin
2024-01-14 16:05:59,295 WARN [SpringContextShutdownHook][NamingHttpClientManager.java:72] - [NamingHttpClientManager] Start destroying NacosRestTemplate
2024-01-14 16:05:59,295 WARN [SpringContextShutdownHook][NamingHttpClientManager.java:72] - [NamingHttpClientManager] Start destroying NacosRestTemplate
2024-01-14 16:05:59,296 WARN [SpringContextShutdownHook][NamingHttpClientManager.java:79] - [NamingHttpClientManager] Destruction of the end
2024-01-14 16:05:59,296 WARN [SpringContextShutdownHook][NamingHttpClientManager.java:79] - [NamingHttpClientManager] Destruction of the end
2024-01-14 16:05:59,296 INFO [SpringContextShutdownHook][CredentialWatcher.java:105] - [null] CredentialWatcher is stopped
2024-01-14 16:05:59,296 INFO [SpringContextShutdownHook][CredentialWatcher.java:105] - [null] CredentialWatcher is stopped
2024-01-14 16:05:59,296 INFO [SpringContextShutdownHook][CredentialService.java:98] - [null] CredentialService is freed
2024-01-14 16:05:59,296 INFO [SpringContextShutdownHook][CredentialService.java:98] - [null] CredentialService is freed
2024-01-14 16:05:59,296 INFO [SpringContextShutdownHook][NamingProxy.java:723] - com.alibaba.nacos.client.naming.net.NamingProxy do shutdown stop
2024-01-14 16:05:59,296 INFO [SpringContextShutdownHook][NamingProxy.java:723] - com.alibaba.nacos.client.naming.net.NamingProxy do shutdown stop
2024-01-14 16:05:59,296 WARN [SpringContextShutdownHook][DisposableBeanAdapter.java:349] - Destroy method 'close' on bean with name 'nacosServiceRegistry' threw an exception: java.lang.NullPointerException
2024-01-14 16:05:59,296 WARN [SpringContextShutdownHook][DisposableBeanAdapter.java:349] - Destroy method 'close' on bean with name 'nacosServiceRegistry' threw an exception: java.lang.NullPointerException
2024-01-14 16:05:59,298 INFO [SpringContextShutdownHook][ExecutorConfigurationSupport.java:218] - Shutting down ExecutorService 'applicationTaskExecutor'
2024-01-14 16:05:59,298 INFO [SpringContextShutdownHook][ExecutorConfigurationSupport.java:218] - Shutting down ExecutorService 'applicationTaskExecutor'
2024-01-14 16:05:59,300 INFO [SpringContextShutdownHook][HikariDataSource.java:350] - HikariPool-1 - Shutdown initiated...
2024-01-14 16:05:59,300 INFO [SpringContextShutdownHook][HikariDataSource.java:350] - HikariPool-1 - Shutdown initiated...
2024-01-14 16:05:59,306 INFO [SpringContextShutdownHook][HikariDataSource.java:352] - HikariPool-1 - Shutdown completed.
2024-01-14 16:05:59,306 INFO [SpringContextShutdownHook][HikariDataSource.java:352] - HikariPool-1 - Shutdown completed.
2024-01-14 16:06:00,767 INFO [SpringContextShutdownHook][PushReceiver.java:136] - com.alibaba.nacos.client.naming.core.PushReceiver do shutdown stop
2024-01-14 16:06:00,767 INFO [SpringContextShutdownHook][PushReceiver.java:136] - com.alibaba.nacos.client.naming.core.PushReceiver do shutdown stop
2024-01-14 16:06:00,768 INFO [SpringContextShutdownHook][FailoverReactor.java:132] - com.alibaba.nacos.client.naming.backups.FailoverReactor do shutdown begin
2024-01-14 16:06:00,768 INFO [SpringContextShutdownHook][FailoverReactor.java:132] - com.alibaba.nacos.client.naming.backups.FailoverReactor do shutdown begin
2024-01-14 16:06:00,768 INFO [SpringContextShutdownHook][FailoverReactor.java:134] - com.alibaba.nacos.client.naming.backups.FailoverReactor do shutdown stop
2024-01-14 16:06:00,768 INFO [SpringContextShutdownHook][FailoverReactor.java:134] - com.alibaba.nacos.client.naming.backups.FailoverReactor do shutdown stop
2024-01-14 16:06:00,768 INFO [SpringContextShutdownHook][HostReactor.java:418] - com.alibaba.nacos.client.naming.core.HostReactor do shutdown stop
2024-01-14 16:06:00,768 INFO [SpringContextShutdownHook][HostReactor.java:418] - com.alibaba.nacos.client.naming.core.HostReactor do shutdown stop
2024-01-14 16:06:00,768 INFO [SpringContextShutdownHook][NamingProxy.java:719] - com.alibaba.nacos.client.naming.net.NamingProxy do shutdown begin
2024-01-14 16:06:00,768 INFO [SpringContextShutdownHook][NamingProxy.java:719] - com.alibaba.nacos.client.naming.net.NamingProxy do shutdown begin
2024-01-14 16:06:00,769 WARN [SpringContextShutdownHook][NamingHttpClientManager.java:72] - [NamingHttpClientManager] Start destroying NacosRestTemplate
2024-01-14 16:06:00,769 WARN [SpringContextShutdownHook][NamingHttpClientManager.java:72] - [NamingHttpClientManager] Start destroying NacosRestTemplate
2024-01-14 16:06:00,769 WARN [SpringContextShutdownHook][NamingHttpClientManager.java:79] - [NamingHttpClientManager] Destruction of the end
2024-01-14 16:06:00,769 WARN [SpringContextShutdownHook][NamingHttpClientManager.java:79] - [NamingHttpClientManager] Destruction of the end
2024-01-14 16:06:00,769 INFO [SpringContextShutdownHook][CredentialWatcher.java:105] - [null] CredentialWatcher is stopped
2024-01-14 16:06:00,769 INFO [SpringContextShutdownHook][CredentialWatcher.java:105] - [null] CredentialWatcher is stopped
2024-01-14 16:06:00,769 INFO [SpringContextShutdownHook][CredentialService.java:98] - [null] CredentialService is freed
2024-01-14 16:06:00,769 INFO [SpringContextShutdownHook][CredentialService.java:98] - [null] CredentialService is freed
2024-01-14 16:06:00,770 INFO [SpringContextShutdownHook][NamingProxy.java:723] - com.alibaba.nacos.client.naming.net.NamingProxy do shutdown stop
2024-01-14 16:06:00,770 INFO [SpringContextShutdownHook][NamingProxy.java:723] - com.alibaba.nacos.client.naming.net.NamingProxy do shutdown stop
2024-01-14 16:06:00,770 WARN [SpringContextShutdownHook][DisposableBeanAdapter.java:349] - Destroy method 'close' on bean with name 'nacosServiceRegistry' threw an exception: java.lang.NullPointerException
2024-01-14 16:06:00,770 WARN [SpringContextShutdownHook][DisposableBeanAdapter.java:349] - Destroy method 'close' on bean with name 'nacosServiceRegistry' threw an exception: java.lang.NullPointerException
2024-01-14 16:06:00,771 INFO [SpringContextShutdownHook][ExecutorConfigurationSupport.java:218] - Shutting down ExecutorService 'applicationTaskExecutor'
2024-01-14 16:06:00,771 INFO [SpringContextShutdownHook][ExecutorConfigurationSupport.java:218] - Shutting down ExecutorService 'applicationTaskExecutor'
2024-01-14 16:06:00,773 INFO [SpringContextShutdownHook][HikariDataSource.java:350] - HikariPool-1 - Shutdown initiated...
2024-01-14 16:06:00,773 INFO [SpringContextShutdownHook][HikariDataSource.java:350] - HikariPool-1 - Shutdown initiated...
2024-01-14 16:06:00,780 INFO [SpringContextShutdownHook][HikariDataSource.java:352] - HikariPool-1 - Shutdown completed.
2024-01-14 16:06:00,780 INFO [SpringContextShutdownHook][HikariDataSource.java:352] - HikariPool-1 - Shutdown completed.
2024-01-14 16:06:00,968 INFO [SpringContextShutdownHook][PushReceiver.java:136] - com.alibaba.nacos.client.naming.core.PushReceiver do shutdown stop
2024-01-14 16:06:00,968 INFO [SpringContextShutdownHook][PushReceiver.java:136] - com.alibaba.nacos.client.naming.core.PushReceiver do shutdown stop
2024-01-14 16:06:00,968 INFO [SpringContextShutdownHook][FailoverReactor.java:132] - com.alibaba.nacos.client.naming.backups.FailoverReactor do shutdown begin
2024-01-14 16:06:00,968 INFO [SpringContextShutdownHook][FailoverReactor.java:132] - com.alibaba.nacos.client.naming.backups.FailoverReactor do shutdown begin
2024-01-14 16:06:00,968 INFO [SpringContextShutdownHook][FailoverReactor.java:134] - com.alibaba.nacos.client.naming.backups.FailoverReactor do shutdown stop
2024-01-14 16:06:00,968 INFO [SpringContextShutdownHook][FailoverReactor.java:134] - com.alibaba.nacos.client.naming.backups.FailoverReactor do shutdown stop
2024-01-14 16:06:00,968 INFO [SpringContextShutdownHook][HostReactor.java:418] - com.alibaba.nacos.client.naming.core.HostReactor do shutdown stop
2024-01-14 16:06:00,968 INFO [SpringContextShutdownHook][HostReactor.java:418] - com.alibaba.nacos.client.naming.core.HostReactor do shutdown stop
2024-01-14 16:06:00,969 INFO [SpringContextShutdownHook][NamingProxy.java:719] - com.alibaba.nacos.client.naming.net.NamingProxy do shutdown begin
2024-01-14 16:06:00,969 INFO [SpringContextShutdownHook][NamingProxy.java:719] - com.alibaba.nacos.client.naming.net.NamingProxy do shutdown begin
2024-01-14 16:06:00,969 WARN [SpringContextShutdownHook][NamingHttpClientManager.java:72] - [NamingHttpClientManager] Start destroying NacosRestTemplate
2024-01-14 16:06:00,969 WARN [SpringContextShutdownHook][NamingHttpClientManager.java:72] - [NamingHttpClientManager] Start destroying NacosRestTemplate
2024-01-14 16:06:00,969 WARN [SpringContextShutdownHook][NamingHttpClientManager.java:79] - [NamingHttpClientManager] Destruction of the end
2024-01-14 16:06:00,969 WARN [SpringContextShutdownHook][NamingHttpClientManager.java:79] - [NamingHttpClientManager] Destruction of the end
2024-01-14 16:06:00,969 INFO [SpringContextShutdownHook][CredentialWatcher.java:105] - [null] CredentialWatcher is stopped
2024-01-14 16:06:00,969 INFO [SpringContextShutdownHook][CredentialWatcher.java:105] - [null] CredentialWatcher is stopped
2024-01-14 16:06:00,969 INFO [SpringContextShutdownHook][CredentialService.java:98] - [null] CredentialService is freed
2024-01-14 16:06:00,969 INFO [SpringContextShutdownHook][CredentialService.java:98] - [null] CredentialService is freed
2024-01-14 16:06:00,969 INFO [SpringContextShutdownHook][NamingProxy.java:723] - com.alibaba.nacos.client.naming.net.NamingProxy do shutdown stop
2024-01-14 16:06:00,969 INFO [SpringContextShutdownHook][NamingProxy.java:723] - com.alibaba.nacos.client.naming.net.NamingProxy do shutdown stop
2024-01-14 16:06:00,970 WARN [SpringContextShutdownHook][DisposableBeanAdapter.java:349] - Destroy method 'close' on bean with name 'nacosServiceRegistry' threw an exception: java.lang.NullPointerException
2024-01-14 16:06:00,970 WARN [SpringContextShutdownHook][DisposableBeanAdapter.java:349] - Destroy method 'close' on bean with name 'nacosServiceRegistry' threw an exception: java.lang.NullPointerException
