2024-01-08 21:22:21,084 WARN [Thread-4][HttpClientBeanHolder.java:108] - [HttpClientBeanHolder] Start destroying common HttpClient
2024-01-08 21:22:21,085 WARN [Thread-25][NotifyCenter.java:145] - [NotifyCenter] Start destroying Publisher
2024-01-08 21:22:21,084 WARN [Thread-4][HttpClientBeanHolder.java:108] - [HttpClientBeanHolder] Start destroying common HttpClient
2024-01-08 21:22:21,085 WARN [Thread-25][NotifyCenter.java:145] - [NotifyCenter] Start destroying Publisher
2024-01-08 21:22:21,094 WARN [Thread-25][NotifyCenter.java:162] - [NotifyCenter] Destruction of the end
2024-01-08 21:22:21,094 WARN [Thread-25][NotifyCenter.java:162] - [NotifyCenter] Destruction of the end
2024-01-08 21:22:21,095 WARN [Thread-4][HttpClientBeanHolder.java:114] - [HttpClientBeanHolder] Destruction of the end
2024-01-08 21:22:21,095 WARN [Thread-4][HttpClientBeanHolder.java:114] - [HttpClientBeanHolder] Destruction of the end
2024-01-08 21:22:21,386 INFO [SpringContextShutdownHook][BeatReactor.java:149] - com.alibaba.nacos.client.naming.beat.BeatReactor do shutdown stop
2024-01-08 21:22:21,386 INFO [SpringContextShutdownHook][BeatReactor.java:149] - com.alibaba.nacos.client.naming.beat.BeatReactor do shutdown stop
2024-01-08 21:22:21,387 INFO [SpringContextShutdownHook][HostReactor.java:413] - com.alibaba.nacos.client.naming.core.HostReactor do shutdown begin
2024-01-08 21:22:21,387 INFO [SpringContextShutdownHook][HostReactor.java:413] - com.alibaba.nacos.client.naming.core.HostReactor do shutdown begin
2024-01-08 21:22:21,545 INFO [SpringContextShutdownHook][ExecutorConfigurationSupport.java:218] - Shutting down ExecutorService 'Nacos-Watch-Task-Scheduler'
2024-01-08 21:22:21,545 INFO [SpringContextShutdownHook][ExecutorConfigurationSupport.java:218] - Shutting down ExecutorService 'Nacos-Watch-Task-Scheduler'
2024-01-08 21:22:21,546 INFO [SpringContextShutdownHook][NacosServiceRegistry.java:94] - De-registering from Nacos Server now...
2024-01-08 21:22:21,546 INFO [SpringContextShutdownHook][NacosServiceRegistry.java:94] - De-registering from Nacos Server now...
2024-01-08 21:22:21,546 INFO [SpringContextShutdownHook][BeatReactor.java:101] - [BEAT] removing beat: xuecheng-plus-project@@content-api:192.168.137.1:8800 from beat map.
2024-01-08 21:22:21,546 INFO [SpringContextShutdownHook][BeatReactor.java:101] - [BEAT] removing beat: xuecheng-plus-project@@content-api:192.168.137.1:8800 from beat map.
2024-01-08 21:22:21,547 INFO [SpringContextShutdownHook][NamingProxy.java:260] - [DEREGISTER-SERVICE] dev deregistering service xuecheng-plus-project@@content-api with instance: Instance{instanceId='null', ip='192.168.137.1', port=8800, weight=1.0, healthy=true, enabled=true, ephemeral=true, clusterName='DEFAULT', serviceName='null', metadata={}}
2024-01-08 21:22:21,547 INFO [SpringContextShutdownHook][NamingProxy.java:260] - [DEREGISTER-SERVICE] dev deregistering service xuecheng-plus-project@@content-api with instance: Instance{instanceId='null', ip='192.168.137.1', port=8800, weight=1.0, healthy=true, enabled=true, ephemeral=true, clusterName='DEFAULT', serviceName='null', metadata={}}
2024-01-08 21:22:21,549 INFO [SpringContextShutdownHook][NacosServiceRegistry.java:114] - De-registration finished.
2024-01-08 21:22:21,549 INFO [SpringContextShutdownHook][BeatReactor.java:147] - com.alibaba.nacos.client.naming.beat.BeatReactor do shutdown begin
2024-01-08 21:22:21,549 INFO [SpringContextShutdownHook][NacosServiceRegistry.java:114] - De-registration finished.
2024-01-08 21:22:21,549 INFO [SpringContextShutdownHook][BeatReactor.java:147] - com.alibaba.nacos.client.naming.beat.BeatReactor do shutdown begin
